  [1m[36m (1.7ms)[0m  [1mCREATE TABLE "schema_migrations" ("version" varchar NOT NULL) [0m
  [1m[35m (0.1ms)[0m  select sqlite_version(*)
  [1m[36m (1.6ms)[0m  [1mCREATE UNIQUE INDEX "unique_schema_migrations" ON "schema_migrations" ("version")[0m
  [1m[35mActiveRecord::SchemaMigration Load (0.1ms)[0m  SELECT "schema_migrations".* FROM "schema_migrations"


Started GET "/" for ::1 at 2015-11-17 17:47:54 -0600
Processing by Rails::WelcomeController#index as HTML
  Rendered /Users/admin/.rvm/gems/ruby-2.1.2/gems/railties-4.2.3/lib/rails/templates/rails/welcome/index.html.erb (2.8ms)
Completed 200 OK in 27ms (Views: 19.4ms | ActiveRecord: 0.0ms)
  [1m[36mActiveRecord::SchemaMigration Load (0.1ms)[0m  [1mSELECT "schema_migrations".* FROM "schema_migrations"[0m
Migrating to CreateStudents (1)
  [1m[35m (0.1ms)[0m  begin transaction
  [1m[36m (0.4ms)[0m  [1mCREATE TABLE "students" ("id" INTEGER PRIMARY KEY AUTOINCREMENT NOT NULL, "first_name" varchar, "last_name" varchar, "created_at" datetime NOT NULL, "updated_at" datetime NOT NULL) [0m
  [1m[35mSQL (0.3ms)[0m  INSERT INTO "schema_migrations" ("version") VALUES (?)  [["version", "1"]]
  [1m[36m (1.4ms)[0m  [1mcommit transaction[0m
  [1m[35mActiveRecord::SchemaMigration Load (0.1ms)[0m  SELECT "schema_migrations".* FROM "schema_migrations"
  [1m[36m (0.1ms)[0m  [1mbegin transaction[0m
  [1m[35mSQL (0.3ms)[0m  INSERT INTO "students" ("first_name", "last_name", "created_at", "updated_at") VALUES (?, ?, ?, ?)  [["first_name", "Jordan"], ["last_name", "Hudgens"], ["created_at", "2015-11-18 00:10:55.545365"], ["updated_at", "2015-11-18 00:10:55.545365"]]
  [1m[36m (2.9ms)[0m  [1mcommit transaction[0m
  [1m[35mStudent Load (0.2ms)[0m  SELECT  "students".* FROM "students"  ORDER BY "students"."id" DESC LIMIT 1
  [1m[36m (0.1ms)[0m  [1mbegin transaction[0m
  [1m[35mSQL (0.3ms)[0m  INSERT INTO "students" ("created_at", "updated_at") VALUES (?, ?)  [["created_at", "2015-11-18 00:17:49.095449"], ["updated_at", "2015-11-18 00:17:49.095449"]]
  [1m[36m (1.2ms)[0m  [1mcommit transaction[0m
  [1m[35mStudent Load (0.2ms)[0m  SELECT  "students".* FROM "students"  ORDER BY "students"."id" DESC LIMIT 1
  [1m[36mActiveRecord::SchemaMigration Load (0.1ms)[0m  [1mSELECT "schema_migrations".* FROM "schema_migrations"[0m
  [1m[35mActiveRecord::SchemaMigration Load (0.1ms)[0m  SELECT "schema_migrations".* FROM "schema_migrations"


Started GET "/" for ::1 at 2015-11-18 13:36:42 -0600
  [1m[36mActiveRecord::SchemaMigration Load (0.1ms)[0m  [1mSELECT "schema_migrations".* FROM "schema_migrations"[0m
Processing by Rails::WelcomeController#index as HTML
  Rendered /Users/admin/.rvm/gems/ruby-2.1.2/gems/railties-4.2.3/lib/rails/templates/rails/welcome/index.html.erb (2.4ms)
Completed 200 OK in 39ms (Views: 24.5ms | ActiveRecord: 0.0ms)


Started GET "/" for ::1 at 2015-11-18 13:37:10 -0600
Processing by Rails::WelcomeController#index as HTML
  Rendered /Users/admin/.rvm/gems/ruby-2.1.2/gems/railties-4.2.3/lib/rails/templates/rails/welcome/index.html.erb (0.0ms)
Completed 200 OK in 1ms (Views: 0.7ms | ActiveRecord: 0.0ms)


Started GET "/" for ::1 at 2017-09-22 15:30:02 -0400
  [1m[36mActiveRecord::SchemaMigration Load (0.2ms)[0m  [1mSELECT "schema_migrations".* FROM "schema_migrations"[0m
Processing by Rails::WelcomeController#index as HTML
  Rendered /Users/ape/.rvm/gems/ruby-2.3.4/gems/railties-4.2.3/lib/rails/templates/rails/welcome/index.html.erb (1.3ms)
Completed 200 OK in 14ms (Views: 6.9ms | ActiveRecord: 0.0ms)


Started GET "/students" for ::1 at 2017-09-22 15:30:16 -0400

ActionController::RoutingError (No route matches [GET] "/students"):
  actionpack (4.2.3) lib/action_dispatch/middleware/debug_exceptions.rb:21:in `call'
  web-console (2.2.1) lib/web_console/middleware.rb:39:in `call'
  actionpack (4.2.3) lib/action_dispatch/middleware/show_exceptions.rb:30:in `call'
  railties (4.2.3) lib/rails/rack/logger.rb:38:in `call_app'
  railties (4.2.3) lib/rails/rack/logger.rb:20:in `block in call'
  activesupport (4.2.3) lib/active_support/tagged_logging.rb:68:in `block in tagged'
  activesupport (4.2.3) lib/active_support/tagged_logging.rb:26:in `tagged'
  activesupport (4.2.3) lib/active_support/tagged_logging.rb:68:in `tagged'
  railties (4.2.3) lib/rails/rack/logger.rb:20:in `call'
  actionpack (4.2.3) lib/action_dispatch/middleware/request_id.rb:21:in `call'
  rack (1.6.4) lib/rack/methodoverride.rb:22:in `call'
  rack (1.6.4) lib/rack/runtime.rb:18:in `call'
  activesupport (4.2.3) lib/active_support/cache/strategy/local_cache_middleware.rb:28:in `call'
  rack (1.6.4) lib/rack/lock.rb:17:in `call'
  actionpack (4.2.3) lib/action_dispatch/middleware/static.rb:116:in `call'
  rack (1.6.4) lib/rack/sendfile.rb:113:in `call'
  railties (4.2.3) lib/rails/engine.rb:518:in `call'
  railties (4.2.3) lib/rails/application.rb:165:in `call'
  rack (1.6.4) lib/rack/lock.rb:17:in `call'
  rack (1.6.4) lib/rack/content_length.rb:15:in `call'
  rack (1.6.4) lib/rack/handler/webrick.rb:88:in `service'
  /Users/ape/.rvm/rubies/ruby-2.3.4/lib/ruby/2.3.0/webrick/httpserver.rb:140:in `service'
  /Users/ape/.rvm/rubies/ruby-2.3.4/lib/ruby/2.3.0/webrick/httpserver.rb:96:in `run'
  /Users/ape/.rvm/rubies/ruby-2.3.4/lib/ruby/2.3.0/webrick/server.rb:296:in `block in start_thread'


  Rendered /Users/ape/.rvm/gems/ruby-2.3.4/gems/actionpack-4.2.3/lib/action_dispatch/middleware/templates/rescues/_trace.html.erb (1.5ms)
  Rendered /Users/ape/.rvm/gems/ruby-2.3.4/gems/actionpack-4.2.3/lib/action_dispatch/middleware/templates/routes/_route.html.erb (0.6ms)
  Rendered /Users/ape/.rvm/gems/ruby-2.3.4/gems/actionpack-4.2.3/lib/action_dispatch/middleware/templates/routes/_table.html.erb (14.3ms)
  Rendered /Users/ape/.rvm/gems/ruby-2.3.4/gems/actionpack-4.2.3/lib/action_dispatch/middleware/templates/rescues/_request_and_response.html.erb (1.1ms)
  Rendered /Users/ape/.rvm/gems/ruby-2.3.4/gems/actionpack-4.2.3/lib/action_dispatch/middleware/templates/rescues/routing_error.html.erb within rescues/layout (78.2ms)
  Rendered /Users/ape/.rvm/gems/ruby-2.3.4/gems/web-console-2.2.1/lib/web_console/templates/_markup.html.erb (0.3ms)
  Rendered /Users/ape/.rvm/gems/ruby-2.3.4/gems/web-console-2.2.1/lib/web_console/templates/_inner_console_markup.html.erb within layouts/inlined_string (0.3ms)
  Rendered /Users/ape/.rvm/gems/ruby-2.3.4/gems/web-console-2.2.1/lib/web_console/templates/_prompt_box_markup.html.erb within layouts/inlined_string (0.4ms)
  Rendered /Users/ape/.rvm/gems/ruby-2.3.4/gems/web-console-2.2.1/lib/web_console/templates/style.css.erb within layouts/inlined_string (0.3ms)
  Rendered /Users/ape/.rvm/gems/ruby-2.3.4/gems/web-console-2.2.1/lib/web_console/templates/console.js.erb within layouts/javascript (41.2ms)
  Rendered /Users/ape/.rvm/gems/ruby-2.3.4/gems/web-console-2.2.1/lib/web_console/templates/main.js.erb within layouts/javascript (0.3ms)
  Rendered /Users/ape/.rvm/gems/ruby-2.3.4/gems/web-console-2.2.1/lib/web_console/templates/error_page.js.erb within layouts/javascript (0.4ms)
  Rendered /Users/ape/.rvm/gems/ruby-2.3.4/gems/web-console-2.2.1/lib/web_console/templates/index.html.erb (93.0ms)


Started GET "/students/index" for ::1 at 2017-09-22 15:30:21 -0400

ActionController::RoutingError (No route matches [GET] "/students/index"):
  actionpack (4.2.3) lib/action_dispatch/middleware/debug_exceptions.rb:21:in `call'
  web-console (2.2.1) lib/web_console/middleware.rb:39:in `call'
  actionpack (4.2.3) lib/action_dispatch/middleware/show_exceptions.rb:30:in `call'
  railties (4.2.3) lib/rails/rack/logger.rb:38:in `call_app'
  railties (4.2.3) lib/rails/rack/logger.rb:20:in `block in call'
  activesupport (4.2.3) lib/active_support/tagged_logging.rb:68:in `block in tagged'
  activesupport (4.2.3) lib/active_support/tagged_logging.rb:26:in `tagged'
  activesupport (4.2.3) lib/active_support/tagged_logging.rb:68:in `tagged'
  railties (4.2.3) lib/rails/rack/logger.rb:20:in `call'
  actionpack (4.2.3) lib/action_dispatch/middleware/request_id.rb:21:in `call'
  rack (1.6.4) lib/rack/methodoverride.rb:22:in `call'
  rack (1.6.4) lib/rack/runtime.rb:18:in `call'
  activesupport (4.2.3) lib/active_support/cache/strategy/local_cache_middleware.rb:28:in `call'
  rack (1.6.4) lib/rack/lock.rb:17:in `call'
  actionpack (4.2.3) lib/action_dispatch/middleware/static.rb:116:in `call'
  rack (1.6.4) lib/rack/sendfile.rb:113:in `call'
  railties (4.2.3) lib/rails/engine.rb:518:in `call'
  railties (4.2.3) lib/rails/application.rb:165:in `call'
  rack (1.6.4) lib/rack/lock.rb:17:in `call'
  rack (1.6.4) lib/rack/content_length.rb:15:in `call'
  rack (1.6.4) lib/rack/handler/webrick.rb:88:in `service'
  /Users/ape/.rvm/rubies/ruby-2.3.4/lib/ruby/2.3.0/webrick/httpserver.rb:140:in `service'
  /Users/ape/.rvm/rubies/ruby-2.3.4/lib/ruby/2.3.0/webrick/httpserver.rb:96:in `run'
  /Users/ape/.rvm/rubies/ruby-2.3.4/lib/ruby/2.3.0/webrick/server.rb:296:in `block in start_thread'


  Rendered /Users/ape/.rvm/gems/ruby-2.3.4/gems/actionpack-4.2.3/lib/action_dispatch/middleware/templates/rescues/_trace.html.erb (1.3ms)
  Rendered /Users/ape/.rvm/gems/ruby-2.3.4/gems/actionpack-4.2.3/lib/action_dispatch/middleware/templates/routes/_route.html.erb (0.6ms)
  Rendered /Users/ape/.rvm/gems/ruby-2.3.4/gems/actionpack-4.2.3/lib/action_dispatch/middleware/templates/routes/_table.html.erb (1.7ms)
  Rendered /Users/ape/.rvm/gems/ruby-2.3.4/gems/actionpack-4.2.3/lib/action_dispatch/middleware/templates/rescues/_request_and_response.html.erb (1.2ms)
  Rendered /Users/ape/.rvm/gems/ruby-2.3.4/gems/actionpack-4.2.3/lib/action_dispatch/middleware/templates/rescues/routing_error.html.erb within rescues/layout (56.7ms)
  Rendered /Users/ape/.rvm/gems/ruby-2.3.4/gems/web-console-2.2.1/lib/web_console/templates/_markup.html.erb (0.3ms)
  Rendered /Users/ape/.rvm/gems/ruby-2.3.4/gems/web-console-2.2.1/lib/web_console/templates/_inner_console_markup.html.erb within layouts/inlined_string (0.5ms)
  Rendered /Users/ape/.rvm/gems/ruby-2.3.4/gems/web-console-2.2.1/lib/web_console/templates/_prompt_box_markup.html.erb within layouts/inlined_string (0.2ms)
  Rendered /Users/ape/.rvm/gems/ruby-2.3.4/gems/web-console-2.2.1/lib/web_console/templates/style.css.erb within layouts/inlined_string (0.3ms)
  Rendered /Users/ape/.rvm/gems/ruby-2.3.4/gems/web-console-2.2.1/lib/web_console/templates/console.js.erb within layouts/javascript (38.7ms)
  Rendered /Users/ape/.rvm/gems/ruby-2.3.4/gems/web-console-2.2.1/lib/web_console/templates/main.js.erb within layouts/javascript (0.4ms)
  Rendered /Users/ape/.rvm/gems/ruby-2.3.4/gems/web-console-2.2.1/lib/web_console/templates/error_page.js.erb within layouts/javascript (0.4ms)
  Rendered /Users/ape/.rvm/gems/ruby-2.3.4/gems/web-console-2.2.1/lib/web_console/templates/index.html.erb (86.7ms)


Started GET "/students/index" for ::1 at 2017-09-22 15:30:28 -0400

ActionController::RoutingError (No route matches [GET] "/students/index"):
  actionpack (4.2.3) lib/action_dispatch/middleware/debug_exceptions.rb:21:in `call'
  web-console (2.2.1) lib/web_console/middleware.rb:39:in `call'
  actionpack (4.2.3) lib/action_dispatch/middleware/show_exceptions.rb:30:in `call'
  railties (4.2.3) lib/rails/rack/logger.rb:38:in `call_app'
  railties (4.2.3) lib/rails/rack/logger.rb:20:in `block in call'
  activesupport (4.2.3) lib/active_support/tagged_logging.rb:68:in `block in tagged'
  activesupport (4.2.3) lib/active_support/tagged_logging.rb:26:in `tagged'
  activesupport (4.2.3) lib/active_support/tagged_logging.rb:68:in `tagged'
  railties (4.2.3) lib/rails/rack/logger.rb:20:in `call'
  actionpack (4.2.3) lib/action_dispatch/middleware/request_id.rb:21:in `call'
  rack (1.6.4) lib/rack/methodoverride.rb:22:in `call'
  rack (1.6.4) lib/rack/runtime.rb:18:in `call'
  activesupport (4.2.3) lib/active_support/cache/strategy/local_cache_middleware.rb:28:in `call'
  rack (1.6.4) lib/rack/lock.rb:17:in `call'
  actionpack (4.2.3) lib/action_dispatch/middleware/static.rb:116:in `call'
  rack (1.6.4) lib/rack/sendfile.rb:113:in `call'
  railties (4.2.3) lib/rails/engine.rb:518:in `call'
  railties (4.2.3) lib/rails/application.rb:165:in `call'
  rack (1.6.4) lib/rack/lock.rb:17:in `call'
  rack (1.6.4) lib/rack/content_length.rb:15:in `call'
  rack (1.6.4) lib/rack/handler/webrick.rb:88:in `service'
  /Users/ape/.rvm/rubies/ruby-2.3.4/lib/ruby/2.3.0/webrick/httpserver.rb:140:in `service'
  /Users/ape/.rvm/rubies/ruby-2.3.4/lib/ruby/2.3.0/webrick/httpserver.rb:96:in `run'
  /Users/ape/.rvm/rubies/ruby-2.3.4/lib/ruby/2.3.0/webrick/server.rb:296:in `block in start_thread'


  Rendered /Users/ape/.rvm/gems/ruby-2.3.4/gems/actionpack-4.2.3/lib/action_dispatch/middleware/templates/rescues/_trace.html.erb (1.2ms)
  Rendered /Users/ape/.rvm/gems/ruby-2.3.4/gems/actionpack-4.2.3/lib/action_dispatch/middleware/templates/routes/_route.html.erb (0.6ms)
  Rendered /Users/ape/.rvm/gems/ruby-2.3.4/gems/actionpack-4.2.3/lib/action_dispatch/middleware/templates/routes/_table.html.erb (1.0ms)
  Rendered /Users/ape/.rvm/gems/ruby-2.3.4/gems/actionpack-4.2.3/lib/action_dispatch/middleware/templates/rescues/_request_and_response.html.erb (0.9ms)
  Rendered /Users/ape/.rvm/gems/ruby-2.3.4/gems/actionpack-4.2.3/lib/action_dispatch/middleware/templates/rescues/routing_error.html.erb within rescues/layout (56.0ms)
  Rendered /Users/ape/.rvm/gems/ruby-2.3.4/gems/web-console-2.2.1/lib/web_console/templates/_markup.html.erb (0.3ms)
  Rendered /Users/ape/.rvm/gems/ruby-2.3.4/gems/web-console-2.2.1/lib/web_console/templates/_inner_console_markup.html.erb within layouts/inlined_string (1.1ms)
  Rendered /Users/ape/.rvm/gems/ruby-2.3.4/gems/web-console-2.2.1/lib/web_console/templates/_prompt_box_markup.html.erb within layouts/inlined_string (0.3ms)
  Rendered /Users/ape/.rvm/gems/ruby-2.3.4/gems/web-console-2.2.1/lib/web_console/templates/style.css.erb within layouts/inlined_string (0.4ms)
  Rendered /Users/ape/.rvm/gems/ruby-2.3.4/gems/web-console-2.2.1/lib/web_console/templates/console.js.erb within layouts/javascript (38.4ms)
  Rendered /Users/ape/.rvm/gems/ruby-2.3.4/gems/web-console-2.2.1/lib/web_console/templates/main.js.erb within layouts/javascript (0.4ms)
  Rendered /Users/ape/.rvm/gems/ruby-2.3.4/gems/web-console-2.2.1/lib/web_console/templates/error_page.js.erb within layouts/javascript (0.4ms)
  Rendered /Users/ape/.rvm/gems/ruby-2.3.4/gems/web-console-2.2.1/lib/web_console/templates/index.html.erb (84.9ms)


Started GET "/index" for ::1 at 2017-09-22 15:31:32 -0400

LoadError (Unable to autoload constant StudentsController, expected /Users/ape/rails-restful-index-action-lab-web-082817/app/controllers/students_controller.rb to define it):
  activesupport (4.2.3) lib/active_support/dependencies.rb:495:in `load_missing_constant'
  activesupport (4.2.3) lib/active_support/dependencies.rb:184:in `const_missing'
  activesupport (4.2.3) lib/active_support/inflector/methods.rb:261:in `const_get'
  activesupport (4.2.3) lib/active_support/inflector/methods.rb:261:in `block in constantize'
  activesupport (4.2.3) lib/active_support/inflector/methods.rb:259:in `each'
  activesupport (4.2.3) lib/active_support/inflector/methods.rb:259:in `inject'
  activesupport (4.2.3) lib/active_support/inflector/methods.rb:259:in `constantize'
  activesupport (4.2.3) lib/active_support/dependencies.rb:566:in `get'
  activesupport (4.2.3) lib/active_support/dependencies.rb:597:in `constantize'
  actionpack (4.2.3) lib/action_dispatch/routing/route_set.rb:72:in `controller_reference'
  actionpack (4.2.3) lib/action_dispatch/routing/route_set.rb:62:in `controller'
  actionpack (4.2.3) lib/action_dispatch/routing/route_set.rb:41:in `serve'
  actionpack (4.2.3) lib/action_dispatch/journey/router.rb:43:in `block in serve'
  actionpack (4.2.3) lib/action_dispatch/journey/router.rb:30:in `each'
  actionpack (4.2.3) lib/action_dispatch/journey/router.rb:30:in `serve'
  actionpack (4.2.3) lib/action_dispatch/routing/route_set.rb:821:in `call'
  rack (1.6.4) lib/rack/etag.rb:24:in `call'
  rack (1.6.4) lib/rack/conditionalget.rb:25:in `call'
  rack (1.6.4) lib/rack/head.rb:13:in `call'
  actionpack (4.2.3) lib/action_dispatch/middleware/params_parser.rb:27:in `call'
  actionpack (4.2.3) lib/action_dispatch/middleware/flash.rb:260:in `call'
  rack (1.6.4) lib/rack/session/abstract/id.rb:225:in `context'
  rack (1.6.4) lib/rack/session/abstract/id.rb:220:in `call'
  actionpack (4.2.3) lib/action_dispatch/middleware/cookies.rb:560:in `call'
  activerecord (4.2.3) lib/active_record/query_cache.rb:36:in `call'
  activerecord (4.2.3) lib/active_record/connection_adapters/abstract/connection_pool.rb:653:in `call'
  activerecord (4.2.3) lib/active_record/migration.rb:377:in `call'
  actionpack (4.2.3) lib/action_dispatch/middleware/callbacks.rb:29:in `block in call'
  activesupport (4.2.3) lib/active_support/callbacks.rb:84:in `run_callbacks'
  actionpack (4.2.3) lib/action_dispatch/middleware/callbacks.rb:27:in `call'
  actionpack (4.2.3) lib/action_dispatch/middleware/reloader.rb:73:in `call'
  actionpack (4.2.3) lib/action_dispatch/middleware/remote_ip.rb:78:in `call'
  actionpack (4.2.3) lib/action_dispatch/middleware/debug_exceptions.rb:17:in `call'
  web-console (2.2.1) lib/web_console/middleware.rb:39:in `call'
  actionpack (4.2.3) lib/action_dispatch/middleware/show_exceptions.rb:30:in `call'
  railties (4.2.3) lib/rails/rack/logger.rb:38:in `call_app'
  railties (4.2.3) lib/rails/rack/logger.rb:20:in `block in call'
  activesupport (4.2.3) lib/active_support/tagged_logging.rb:68:in `block in tagged'
  activesupport (4.2.3) lib/active_support/tagged_logging.rb:26:in `tagged'
  activesupport (4.2.3) lib/active_support/tagged_logging.rb:68:in `tagged'
  railties (4.2.3) lib/rails/rack/logger.rb:20:in `call'
  actionpack (4.2.3) lib/action_dispatch/middleware/request_id.rb:21:in `call'
  rack (1.6.4) lib/rack/methodoverride.rb:22:in `call'
  rack (1.6.4) lib/rack/runtime.rb:18:in `call'
  activesupport (4.2.3) lib/active_support/cache/strategy/local_cache_middleware.rb:28:in `call'
  rack (1.6.4) lib/rack/lock.rb:17:in `call'
  actionpack (4.2.3) lib/action_dispatch/middleware/static.rb:116:in `call'
  rack (1.6.4) lib/rack/sendfile.rb:113:in `call'
  railties (4.2.3) lib/rails/engine.rb:518:in `call'
  railties (4.2.3) lib/rails/application.rb:165:in `call'
  rack (1.6.4) lib/rack/lock.rb:17:in `call'
  rack (1.6.4) lib/rack/content_length.rb:15:in `call'
  rack (1.6.4) lib/rack/handler/webrick.rb:88:in `service'
  /Users/ape/.rvm/rubies/ruby-2.3.4/lib/ruby/2.3.0/webrick/httpserver.rb:140:in `service'
  /Users/ape/.rvm/rubies/ruby-2.3.4/lib/ruby/2.3.0/webrick/httpserver.rb:96:in `run'
  /Users/ape/.rvm/rubies/ruby-2.3.4/lib/ruby/2.3.0/webrick/server.rb:296:in `block in start_thread'


  Rendered /Users/ape/.rvm/gems/ruby-2.3.4/gems/actionpack-4.2.3/lib/action_dispatch/middleware/templates/rescues/_source.erb (2.3ms)
  Rendered /Users/ape/.rvm/gems/ruby-2.3.4/gems/actionpack-4.2.3/lib/action_dispatch/middleware/templates/rescues/_trace.html.erb (1.5ms)
  Rendered /Users/ape/.rvm/gems/ruby-2.3.4/gems/actionpack-4.2.3/lib/action_dispatch/middleware/templates/rescues/_request_and_response.html.erb (0.9ms)
  Rendered /Users/ape/.rvm/gems/ruby-2.3.4/gems/actionpack-4.2.3/lib/action_dispatch/middleware/templates/rescues/diagnostics.html.erb within rescues/layout (43.1ms)
  Rendered /Users/ape/.rvm/gems/ruby-2.3.4/gems/web-console-2.2.1/lib/web_console/templates/_markup.html.erb (0.3ms)
  Rendered /Users/ape/.rvm/gems/ruby-2.3.4/gems/web-console-2.2.1/lib/web_console/templates/_inner_console_markup.html.erb within layouts/inlined_string (0.3ms)
  Rendered /Users/ape/.rvm/gems/ruby-2.3.4/gems/web-console-2.2.1/lib/web_console/templates/_prompt_box_markup.html.erb within layouts/inlined_string (0.3ms)
  Rendered /Users/ape/.rvm/gems/ruby-2.3.4/gems/web-console-2.2.1/lib/web_console/templates/style.css.erb within layouts/inlined_string (0.3ms)
  Rendered /Users/ape/.rvm/gems/ruby-2.3.4/gems/web-console-2.2.1/lib/web_console/templates/console.js.erb within layouts/javascript (36.8ms)
  Rendered /Users/ape/.rvm/gems/ruby-2.3.4/gems/web-console-2.2.1/lib/web_console/templates/main.js.erb within layouts/javascript (0.3ms)
  Rendered /Users/ape/.rvm/gems/ruby-2.3.4/gems/web-console-2.2.1/lib/web_console/templates/error_page.js.erb within layouts/javascript (0.4ms)
  Rendered /Users/ape/.rvm/gems/ruby-2.3.4/gems/web-console-2.2.1/lib/web_console/templates/index.html.erb (81.2ms)
  [1m[36mActiveRecord::SchemaMigration Load (0.1ms)[0m  [1mSELECT "schema_migrations".* FROM "schema_migrations"[0m
  [1m[35mActiveRecord::SchemaMigration Load (0.1ms)[0m  SELECT "schema_migrations".* FROM "schema_migrations"


Started GET "/" for ::1 at 2017-09-22 15:32:42 -0400
  [1m[36mActiveRecord::SchemaMigration Load (0.1ms)[0m  [1mSELECT "schema_migrations".* FROM "schema_migrations"[0m
Processing by Rails::WelcomeController#index as HTML
  Rendered /Users/ape/.rvm/gems/ruby-2.3.4/gems/railties-4.2.3/lib/rails/templates/rails/welcome/index.html.erb (1.2ms)
Completed 200 OK in 14ms (Views: 6.3ms | ActiveRecord: 0.0ms)


Started GET "/index" for ::1 at 2017-09-22 15:33:10 -0400

LoadError (Unable to autoload constant StudentsController, expected /Users/ape/rails-restful-index-action-lab-web-082817/app/controllers/students_controller.rb to define it):
  activesupport (4.2.3) lib/active_support/dependencies.rb:495:in `load_missing_constant'
  activesupport (4.2.3) lib/active_support/dependencies.rb:184:in `const_missing'
  activesupport (4.2.3) lib/active_support/inflector/methods.rb:261:in `const_get'
  activesupport (4.2.3) lib/active_support/inflector/methods.rb:261:in `block in constantize'
  activesupport (4.2.3) lib/active_support/inflector/methods.rb:259:in `each'
  activesupport (4.2.3) lib/active_support/inflector/methods.rb:259:in `inject'
  activesupport (4.2.3) lib/active_support/inflector/methods.rb:259:in `constantize'
  activesupport (4.2.3) lib/active_support/dependencies.rb:566:in `get'
  activesupport (4.2.3) lib/active_support/dependencies.rb:597:in `constantize'
  actionpack (4.2.3) lib/action_dispatch/routing/route_set.rb:72:in `controller_reference'
  actionpack (4.2.3) lib/action_dispatch/routing/route_set.rb:62:in `controller'
  actionpack (4.2.3) lib/action_dispatch/routing/route_set.rb:41:in `serve'
  actionpack (4.2.3) lib/action_dispatch/journey/router.rb:43:in `block in serve'
  actionpack (4.2.3) lib/action_dispatch/journey/router.rb:30:in `each'
  actionpack (4.2.3) lib/action_dispatch/journey/router.rb:30:in `serve'
  actionpack (4.2.3) lib/action_dispatch/routing/route_set.rb:821:in `call'
  rack (1.6.4) lib/rack/etag.rb:24:in `call'
  rack (1.6.4) lib/rack/conditionalget.rb:25:in `call'
  rack (1.6.4) lib/rack/head.rb:13:in `call'
  actionpack (4.2.3) lib/action_dispatch/middleware/params_parser.rb:27:in `call'
  actionpack (4.2.3) lib/action_dispatch/middleware/flash.rb:260:in `call'
  rack (1.6.4) lib/rack/session/abstract/id.rb:225:in `context'
  rack (1.6.4) lib/rack/session/abstract/id.rb:220:in `call'
  actionpack (4.2.3) lib/action_dispatch/middleware/cookies.rb:560:in `call'
  activerecord (4.2.3) lib/active_record/query_cache.rb:36:in `call'
  activerecord (4.2.3) lib/active_record/connection_adapters/abstract/connection_pool.rb:653:in `call'
  activerecord (4.2.3) lib/active_record/migration.rb:377:in `call'
  actionpack (4.2.3) lib/action_dispatch/middleware/callbacks.rb:29:in `block in call'
  activesupport (4.2.3) lib/active_support/callbacks.rb:84:in `run_callbacks'
  actionpack (4.2.3) lib/action_dispatch/middleware/callbacks.rb:27:in `call'
  actionpack (4.2.3) lib/action_dispatch/middleware/reloader.rb:73:in `call'
  actionpack (4.2.3) lib/action_dispatch/middleware/remote_ip.rb:78:in `call'
  actionpack (4.2.3) lib/action_dispatch/middleware/debug_exceptions.rb:17:in `call'
  web-console (2.2.1) lib/web_console/middleware.rb:39:in `call'
  actionpack (4.2.3) lib/action_dispatch/middleware/show_exceptions.rb:30:in `call'
  railties (4.2.3) lib/rails/rack/logger.rb:38:in `call_app'
  railties (4.2.3) lib/rails/rack/logger.rb:20:in `block in call'
  activesupport (4.2.3) lib/active_support/tagged_logging.rb:68:in `block in tagged'
  activesupport (4.2.3) lib/active_support/tagged_logging.rb:26:in `tagged'
  activesupport (4.2.3) lib/active_support/tagged_logging.rb:68:in `tagged'
  railties (4.2.3) lib/rails/rack/logger.rb:20:in `call'
  actionpack (4.2.3) lib/action_dispatch/middleware/request_id.rb:21:in `call'
  rack (1.6.4) lib/rack/methodoverride.rb:22:in `call'
  rack (1.6.4) lib/rack/runtime.rb:18:in `call'
  activesupport (4.2.3) lib/active_support/cache/strategy/local_cache_middleware.rb:28:in `call'
  rack (1.6.4) lib/rack/lock.rb:17:in `call'
  actionpack (4.2.3) lib/action_dispatch/middleware/static.rb:116:in `call'
  rack (1.6.4) lib/rack/sendfile.rb:113:in `call'
  railties (4.2.3) lib/rails/engine.rb:518:in `call'
  railties (4.2.3) lib/rails/application.rb:165:in `call'
  rack (1.6.4) lib/rack/lock.rb:17:in `call'
  rack (1.6.4) lib/rack/content_length.rb:15:in `call'
  rack (1.6.4) lib/rack/handler/webrick.rb:88:in `service'
  /Users/ape/.rvm/rubies/ruby-2.3.4/lib/ruby/2.3.0/webrick/httpserver.rb:140:in `service'
  /Users/ape/.rvm/rubies/ruby-2.3.4/lib/ruby/2.3.0/webrick/httpserver.rb:96:in `run'
  /Users/ape/.rvm/rubies/ruby-2.3.4/lib/ruby/2.3.0/webrick/server.rb:296:in `block in start_thread'


  Rendered /Users/ape/.rvm/gems/ruby-2.3.4/gems/actionpack-4.2.3/lib/action_dispatch/middleware/templates/rescues/_source.erb (3.3ms)
  Rendered /Users/ape/.rvm/gems/ruby-2.3.4/gems/actionpack-4.2.3/lib/action_dispatch/middleware/templates/rescues/_trace.html.erb (1.4ms)
  Rendered /Users/ape/.rvm/gems/ruby-2.3.4/gems/actionpack-4.2.3/lib/action_dispatch/middleware/templates/rescues/_request_and_response.html.erb (1.0ms)
  Rendered /Users/ape/.rvm/gems/ruby-2.3.4/gems/actionpack-4.2.3/lib/action_dispatch/middleware/templates/rescues/diagnostics.html.erb within rescues/layout (43.1ms)
  Rendered /Users/ape/.rvm/gems/ruby-2.3.4/gems/web-console-2.2.1/lib/web_console/templates/_markup.html.erb (0.4ms)
  Rendered /Users/ape/.rvm/gems/ruby-2.3.4/gems/web-console-2.2.1/lib/web_console/templates/_inner_console_markup.html.erb within layouts/inlined_string (0.3ms)
  Rendered /Users/ape/.rvm/gems/ruby-2.3.4/gems/web-console-2.2.1/lib/web_console/templates/_prompt_box_markup.html.erb within layouts/inlined_string (0.5ms)
  Rendered /Users/ape/.rvm/gems/ruby-2.3.4/gems/web-console-2.2.1/lib/web_console/templates/style.css.erb within layouts/inlined_string (0.3ms)
  Rendered /Users/ape/.rvm/gems/ruby-2.3.4/gems/web-console-2.2.1/lib/web_console/templates/console.js.erb within layouts/javascript (37.9ms)
  Rendered /Users/ape/.rvm/gems/ruby-2.3.4/gems/web-console-2.2.1/lib/web_console/templates/main.js.erb within layouts/javascript (0.3ms)
  Rendered /Users/ape/.rvm/gems/ruby-2.3.4/gems/web-console-2.2.1/lib/web_console/templates/error_page.js.erb within layouts/javascript (0.4ms)
  Rendered /Users/ape/.rvm/gems/ruby-2.3.4/gems/web-console-2.2.1/lib/web_console/templates/index.html.erb (83.5ms)


Started GET "/index" for ::1 at 2017-09-22 15:34:34 -0400
Processing by StudentsController#index as HTML
  Rendered students/index.html.erb within layouts/application (0.3ms)
Completed 200 OK in 845ms (Views: 844.2ms | ActiveRecord: 0.0ms)


Started GET "/assets/jquery.self-a714331225dda820228db323939889f149aec0127aeb06255646b616ba1ca419.js?body=1" for ::1 at 2017-09-22 15:34:34 -0400


Started GET "/assets/jquery_ujs.self-d456baa54c1fa6be2ec3711f0a72ddf7a5b2f34a6b4f515f33767d6207b7d4b3.js?body=1" for ::1 at 2017-09-22 15:34:34 -0400


Started GET "/assets/turbolinks.self-c37727e9bd6b2735da5c311aa83fead54ed0be6cc8bd9a65309e9c5abe2cbfff.js?body=1" for ::1 at 2017-09-22 15:34:34 -0400


Started GET "/assets/application.self-3b8dabdc891efe46b9a144b400ad69e37d7e5876bdc39dee783419a69d7ca819.js?body=1" for ::1 at 2017-09-22 15:34:35 -0400


Started GET "/index" for ::1 at 2017-09-22 15:43:21 -0400
Processing by StudentsController#index as HTML
  Rendered students/index.html.erb within layouts/application (0.4ms)
Completed 200 OK in 45ms (Views: 41.3ms | ActiveRecord: 0.0ms)


Started GET "/students" for ::1 at 2017-09-22 15:43:26 -0400

ActionController::RoutingError (No route matches [GET] "/students"):
  actionpack (4.2.3) lib/action_dispatch/middleware/debug_exceptions.rb:21:in `call'
  web-console (2.2.1) lib/web_console/middleware.rb:39:in `call'
  actionpack (4.2.3) lib/action_dispatch/middleware/show_exceptions.rb:30:in `call'
  railties (4.2.3) lib/rails/rack/logger.rb:38:in `call_app'
  railties (4.2.3) lib/rails/rack/logger.rb:20:in `block in call'
  activesupport (4.2.3) lib/active_support/tagged_logging.rb:68:in `block in tagged'
  activesupport (4.2.3) lib/active_support/tagged_logging.rb:26:in `tagged'
  activesupport (4.2.3) lib/active_support/tagged_logging.rb:68:in `tagged'
  railties (4.2.3) lib/rails/rack/logger.rb:20:in `call'
  actionpack (4.2.3) lib/action_dispatch/middleware/request_id.rb:21:in `call'
  rack (1.6.4) lib/rack/methodoverride.rb:22:in `call'
  rack (1.6.4) lib/rack/runtime.rb:18:in `call'
  activesupport (4.2.3) lib/active_support/cache/strategy/local_cache_middleware.rb:28:in `call'
  rack (1.6.4) lib/rack/lock.rb:17:in `call'
  actionpack (4.2.3) lib/action_dispatch/middleware/static.rb:116:in `call'
  rack (1.6.4) lib/rack/sendfile.rb:113:in `call'
  railties (4.2.3) lib/rails/engine.rb:518:in `call'
  railties (4.2.3) lib/rails/application.rb:165:in `call'
  rack (1.6.4) lib/rack/lock.rb:17:in `call'
  rack (1.6.4) lib/rack/content_length.rb:15:in `call'
  rack (1.6.4) lib/rack/handler/webrick.rb:88:in `service'
  /Users/ape/.rvm/rubies/ruby-2.3.4/lib/ruby/2.3.0/webrick/httpserver.rb:140:in `service'
  /Users/ape/.rvm/rubies/ruby-2.3.4/lib/ruby/2.3.0/webrick/httpserver.rb:96:in `run'
  /Users/ape/.rvm/rubies/ruby-2.3.4/lib/ruby/2.3.0/webrick/server.rb:296:in `block in start_thread'


  Rendered /Users/ape/.rvm/gems/ruby-2.3.4/gems/actionpack-4.2.3/lib/action_dispatch/middleware/templates/rescues/_trace.html.erb (2.2ms)
  Rendered /Users/ape/.rvm/gems/ruby-2.3.4/gems/actionpack-4.2.3/lib/action_dispatch/middleware/templates/routes/_route.html.erb (0.9ms)
  Rendered /Users/ape/.rvm/gems/ruby-2.3.4/gems/actionpack-4.2.3/lib/action_dispatch/middleware/templates/routes/_table.html.erb (8.2ms)
  Rendered /Users/ape/.rvm/gems/ruby-2.3.4/gems/actionpack-4.2.3/lib/action_dispatch/middleware/templates/rescues/_request_and_response.html.erb (1.5ms)
  Rendered /Users/ape/.rvm/gems/ruby-2.3.4/gems/actionpack-4.2.3/lib/action_dispatch/middleware/templates/rescues/routing_error.html.erb within rescues/layout (63.9ms)
  Rendered /Users/ape/.rvm/gems/ruby-2.3.4/gems/web-console-2.2.1/lib/web_console/templates/_markup.html.erb (0.3ms)
  Rendered /Users/ape/.rvm/gems/ruby-2.3.4/gems/web-console-2.2.1/lib/web_console/templates/_inner_console_markup.html.erb within layouts/inlined_string (0.6ms)
  Rendered /Users/ape/.rvm/gems/ruby-2.3.4/gems/web-console-2.2.1/lib/web_console/templates/_prompt_box_markup.html.erb within layouts/inlined_string (0.3ms)
  Rendered /Users/ape/.rvm/gems/ruby-2.3.4/gems/web-console-2.2.1/lib/web_console/templates/style.css.erb within layouts/inlined_string (0.4ms)
  Rendered /Users/ape/.rvm/gems/ruby-2.3.4/gems/web-console-2.2.1/lib/web_console/templates/console.js.erb within layouts/javascript (38.7ms)
  Rendered /Users/ape/.rvm/gems/ruby-2.3.4/gems/web-console-2.2.1/lib/web_console/templates/main.js.erb within layouts/javascript (0.3ms)
  Rendered /Users/ape/.rvm/gems/ruby-2.3.4/gems/web-console-2.2.1/lib/web_console/templates/error_page.js.erb within layouts/javascript (0.4ms)
  Rendered /Users/ape/.rvm/gems/ruby-2.3.4/gems/web-console-2.2.1/lib/web_console/templates/index.html.erb (84.6ms)


Started GET "/student" for ::1 at 2017-09-22 15:43:29 -0400

ActionController::RoutingError (No route matches [GET] "/student"):
  actionpack (4.2.3) lib/action_dispatch/middleware/debug_exceptions.rb:21:in `call'
  web-console (2.2.1) lib/web_console/middleware.rb:39:in `call'
  actionpack (4.2.3) lib/action_dispatch/middleware/show_exceptions.rb:30:in `call'
  railties (4.2.3) lib/rails/rack/logger.rb:38:in `call_app'
  railties (4.2.3) lib/rails/rack/logger.rb:20:in `block in call'
  activesupport (4.2.3) lib/active_support/tagged_logging.rb:68:in `block in tagged'
  activesupport (4.2.3) lib/active_support/tagged_logging.rb:26:in `tagged'
  activesupport (4.2.3) lib/active_support/tagged_logging.rb:68:in `tagged'
  railties (4.2.3) lib/rails/rack/logger.rb:20:in `call'
  actionpack (4.2.3) lib/action_dispatch/middleware/request_id.rb:21:in `call'
  rack (1.6.4) lib/rack/methodoverride.rb:22:in `call'
  rack (1.6.4) lib/rack/runtime.rb:18:in `call'
  activesupport (4.2.3) lib/active_support/cache/strategy/local_cache_middleware.rb:28:in `call'
  rack (1.6.4) lib/rack/lock.rb:17:in `call'
  actionpack (4.2.3) lib/action_dispatch/middleware/static.rb:116:in `call'
  rack (1.6.4) lib/rack/sendfile.rb:113:in `call'
  railties (4.2.3) lib/rails/engine.rb:518:in `call'
  railties (4.2.3) lib/rails/application.rb:165:in `call'
  rack (1.6.4) lib/rack/lock.rb:17:in `call'
  rack (1.6.4) lib/rack/content_length.rb:15:in `call'
  rack (1.6.4) lib/rack/handler/webrick.rb:88:in `service'
  /Users/ape/.rvm/rubies/ruby-2.3.4/lib/ruby/2.3.0/webrick/httpserver.rb:140:in `service'
  /Users/ape/.rvm/rubies/ruby-2.3.4/lib/ruby/2.3.0/webrick/httpserver.rb:96:in `run'
  /Users/ape/.rvm/rubies/ruby-2.3.4/lib/ruby/2.3.0/webrick/server.rb:296:in `block in start_thread'


  Rendered /Users/ape/.rvm/gems/ruby-2.3.4/gems/actionpack-4.2.3/lib/action_dispatch/middleware/templates/rescues/_trace.html.erb (1.2ms)
  Rendered /Users/ape/.rvm/gems/ruby-2.3.4/gems/actionpack-4.2.3/lib/action_dispatch/middleware/templates/routes/_route.html.erb (0.6ms)
  Rendered /Users/ape/.rvm/gems/ruby-2.3.4/gems/actionpack-4.2.3/lib/action_dispatch/middleware/templates/routes/_table.html.erb (0.9ms)
  Rendered /Users/ape/.rvm/gems/ruby-2.3.4/gems/actionpack-4.2.3/lib/action_dispatch/middleware/templates/rescues/_request_and_response.html.erb (1.1ms)
  Rendered /Users/ape/.rvm/gems/ruby-2.3.4/gems/actionpack-4.2.3/lib/action_dispatch/middleware/templates/rescues/routing_error.html.erb within rescues/layout (55.0ms)
  Rendered /Users/ape/.rvm/gems/ruby-2.3.4/gems/web-console-2.2.1/lib/web_console/templates/_markup.html.erb (0.4ms)
  Rendered /Users/ape/.rvm/gems/ruby-2.3.4/gems/web-console-2.2.1/lib/web_console/templates/_inner_console_markup.html.erb within layouts/inlined_string (0.4ms)
  Rendered /Users/ape/.rvm/gems/ruby-2.3.4/gems/web-console-2.2.1/lib/web_console/templates/_prompt_box_markup.html.erb within layouts/inlined_string (0.2ms)
  Rendered /Users/ape/.rvm/gems/ruby-2.3.4/gems/web-console-2.2.1/lib/web_console/templates/style.css.erb within layouts/inlined_string (0.3ms)
  Rendered /Users/ape/.rvm/gems/ruby-2.3.4/gems/web-console-2.2.1/lib/web_console/templates/console.js.erb within layouts/javascript (36.0ms)
  Rendered /Users/ape/.rvm/gems/ruby-2.3.4/gems/web-console-2.2.1/lib/web_console/templates/main.js.erb within layouts/javascript (0.3ms)
  Rendered /Users/ape/.rvm/gems/ruby-2.3.4/gems/web-console-2.2.1/lib/web_console/templates/error_page.js.erb within layouts/javascript (0.4ms)
  Rendered /Users/ape/.rvm/gems/ruby-2.3.4/gems/web-console-2.2.1/lib/web_console/templates/index.html.erb (82.1ms)


Started GET "/students/index" for ::1 at 2017-09-22 15:43:39 -0400

ActionController::RoutingError (No route matches [GET] "/students/index"):
  actionpack (4.2.3) lib/action_dispatch/middleware/debug_exceptions.rb:21:in `call'
  web-console (2.2.1) lib/web_console/middleware.rb:39:in `call'
  actionpack (4.2.3) lib/action_dispatch/middleware/show_exceptions.rb:30:in `call'
  railties (4.2.3) lib/rails/rack/logger.rb:38:in `call_app'
  railties (4.2.3) lib/rails/rack/logger.rb:20:in `block in call'
  activesupport (4.2.3) lib/active_support/tagged_logging.rb:68:in `block in tagged'
  activesupport (4.2.3) lib/active_support/tagged_logging.rb:26:in `tagged'
  activesupport (4.2.3) lib/active_support/tagged_logging.rb:68:in `tagged'
  railties (4.2.3) lib/rails/rack/logger.rb:20:in `call'
  actionpack (4.2.3) lib/action_dispatch/middleware/request_id.rb:21:in `call'
  rack (1.6.4) lib/rack/methodoverride.rb:22:in `call'
  rack (1.6.4) lib/rack/runtime.rb:18:in `call'
  activesupport (4.2.3) lib/active_support/cache/strategy/local_cache_middleware.rb:28:in `call'
  rack (1.6.4) lib/rack/lock.rb:17:in `call'
  actionpack (4.2.3) lib/action_dispatch/middleware/static.rb:116:in `call'
  rack (1.6.4) lib/rack/sendfile.rb:113:in `call'
  railties (4.2.3) lib/rails/engine.rb:518:in `call'
  railties (4.2.3) lib/rails/application.rb:165:in `call'
  rack (1.6.4) lib/rack/lock.rb:17:in `call'
  rack (1.6.4) lib/rack/content_length.rb:15:in `call'
  rack (1.6.4) lib/rack/handler/webrick.rb:88:in `service'
  /Users/ape/.rvm/rubies/ruby-2.3.4/lib/ruby/2.3.0/webrick/httpserver.rb:140:in `service'
  /Users/ape/.rvm/rubies/ruby-2.3.4/lib/ruby/2.3.0/webrick/httpserver.rb:96:in `run'
  /Users/ape/.rvm/rubies/ruby-2.3.4/lib/ruby/2.3.0/webrick/server.rb:296:in `block in start_thread'


  Rendered /Users/ape/.rvm/gems/ruby-2.3.4/gems/actionpack-4.2.3/lib/action_dispatch/middleware/templates/rescues/_trace.html.erb (1.3ms)
  Rendered /Users/ape/.rvm/gems/ruby-2.3.4/gems/actionpack-4.2.3/lib/action_dispatch/middleware/templates/routes/_route.html.erb (0.6ms)
  Rendered /Users/ape/.rvm/gems/ruby-2.3.4/gems/actionpack-4.2.3/lib/action_dispatch/middleware/templates/routes/_table.html.erb (1.0ms)
  Rendered /Users/ape/.rvm/gems/ruby-2.3.4/gems/actionpack-4.2.3/lib/action_dispatch/middleware/templates/rescues/_request_and_response.html.erb (1.0ms)
  Rendered /Users/ape/.rvm/gems/ruby-2.3.4/gems/actionpack-4.2.3/lib/action_dispatch/middleware/templates/rescues/routing_error.html.erb within rescues/layout (53.6ms)
  Rendered /Users/ape/.rvm/gems/ruby-2.3.4/gems/web-console-2.2.1/lib/web_console/templates/_markup.html.erb (0.5ms)
  Rendered /Users/ape/.rvm/gems/ruby-2.3.4/gems/web-console-2.2.1/lib/web_console/templates/_inner_console_markup.html.erb within layouts/inlined_string (0.4ms)
  Rendered /Users/ape/.rvm/gems/ruby-2.3.4/gems/web-console-2.2.1/lib/web_console/templates/_prompt_box_markup.html.erb within layouts/inlined_string (0.4ms)
  Rendered /Users/ape/.rvm/gems/ruby-2.3.4/gems/web-console-2.2.1/lib/web_console/templates/style.css.erb within layouts/inlined_string (0.3ms)
  Rendered /Users/ape/.rvm/gems/ruby-2.3.4/gems/web-console-2.2.1/lib/web_console/templates/console.js.erb within layouts/javascript (35.8ms)
  Rendered /Users/ape/.rvm/gems/ruby-2.3.4/gems/web-console-2.2.1/lib/web_console/templates/main.js.erb within layouts/javascript (0.4ms)
  Rendered /Users/ape/.rvm/gems/ruby-2.3.4/gems/web-console-2.2.1/lib/web_console/templates/error_page.js.erb within layouts/javascript (0.4ms)
  Rendered /Users/ape/.rvm/gems/ruby-2.3.4/gems/web-console-2.2.1/lib/web_console/templates/index.html.erb (80.9ms)


Started GET "/index" for ::1 at 2017-09-22 15:43:46 -0400
Processing by StudentsController#index as HTML
  Rendered students/index.html.erb within layouts/application (0.0ms)
Completed 200 OK in 21ms (Views: 20.8ms | ActiveRecord: 0.0ms)


Started GET "/index" for ::1 at 2017-09-22 15:53:54 -0400
Processing by StudentsController#index as HTML
  [1m[35mStudent Load (0.3ms)[0m  SELECT "students".* FROM "students"
  Rendered students/index.html.erb within layouts/application (11.4ms)
Completed 500 Internal Server Error in 15ms (ActiveRecord: 0.6ms)

ActionView::Template::Error (undefined method `+' for nil:NilClass):
     6:   </head>
     7:   <body>
     8: <%@student.each do |kid|%>
     9:     <br> <%= kid.to_s %>
    10: <%end%>
    11: <!--  going to iterate  over the list of students returned from the index action here.-->
    12: 
  app/models/student.rb:3:in `to_s'
  app/views/students/index.html.erb:9:in `block in _app_views_students_index_html_erb__1932730780411990990_70316407156860'
  app/views/students/index.html.erb:8:in `_app_views_students_index_html_erb__1932730780411990990_70316407156860'


  Rendered /Users/ape/.rvm/gems/ruby-2.3.4/gems/actionpack-4.2.3/lib/action_dispatch/middleware/templates/rescues/_source.erb (7.7ms)
  Rendered /Users/ape/.rvm/gems/ruby-2.3.4/gems/actionpack-4.2.3/lib/action_dispatch/middleware/templates/rescues/_trace.html.erb (4.4ms)
  Rendered /Users/ape/.rvm/gems/ruby-2.3.4/gems/actionpack-4.2.3/lib/action_dispatch/middleware/templates/rescues/_request_and_response.html.erb (1.2ms)
  Rendered /Users/ape/.rvm/gems/ruby-2.3.4/gems/actionpack-4.2.3/lib/action_dispatch/middleware/templates/rescues/template_error.html.erb within rescues/layout (50.6ms)
  Rendered /Users/ape/.rvm/gems/ruby-2.3.4/gems/web-console-2.2.1/lib/web_console/templates/_markup.html.erb (0.5ms)
  Rendered /Users/ape/.rvm/gems/ruby-2.3.4/gems/web-console-2.2.1/lib/web_console/templates/_inner_console_markup.html.erb within layouts/inlined_string (0.3ms)
  Rendered /Users/ape/.rvm/gems/ruby-2.3.4/gems/web-console-2.2.1/lib/web_console/templates/_prompt_box_markup.html.erb within layouts/inlined_string (0.4ms)
  Rendered /Users/ape/.rvm/gems/ruby-2.3.4/gems/web-console-2.2.1/lib/web_console/templates/style.css.erb within layouts/inlined_string (0.3ms)
  Rendered /Users/ape/.rvm/gems/ruby-2.3.4/gems/web-console-2.2.1/lib/web_console/templates/console.js.erb within layouts/javascript (37.6ms)
  Rendered /Users/ape/.rvm/gems/ruby-2.3.4/gems/web-console-2.2.1/lib/web_console/templates/main.js.erb within layouts/javascript (0.3ms)
  Rendered /Users/ape/.rvm/gems/ruby-2.3.4/gems/web-console-2.2.1/lib/web_console/templates/error_page.js.erb within layouts/javascript (0.4ms)
  Rendered /Users/ape/.rvm/gems/ruby-2.3.4/gems/web-console-2.2.1/lib/web_console/templates/index.html.erb (81.5ms)


Started GET "/index" for ::1 at 2017-09-22 15:55:10 -0400
Processing by StudentsController#index as HTML
  [1m[36mStudent Load (0.1ms)[0m  [1mSELECT "students".* FROM "students"[0m
  Rendered students/index.html.erb within layouts/application (4.3ms)
Completed 500 Internal Server Error in 8ms (ActiveRecord: 0.1ms)

ActionView::Template::Error (undefined method `+' for nil:NilClass):
     6:   </head>
     7:   <body>
     8: <% @student.each do |kid| %>
     9:     <br><%= kid.to_s %>
    10: <% end %>
    11: <!--  going to iterate  over the list of students returned from the index action here.-->
    12: 
  app/models/student.rb:3:in `to_s'
  app/views/students/index.html.erb:9:in `block in _app_views_students_index_html_erb__1932730780411990990_70316403526600'
  app/views/students/index.html.erb:8:in `_app_views_students_index_html_erb__1932730780411990990_70316403526600'


  Rendered /Users/ape/.rvm/gems/ruby-2.3.4/gems/actionpack-4.2.3/lib/action_dispatch/middleware/templates/rescues/_source.erb (4.3ms)
  Rendered /Users/ape/.rvm/gems/ruby-2.3.4/gems/actionpack-4.2.3/lib/action_dispatch/middleware/templates/rescues/_trace.html.erb (2.2ms)
  Rendered /Users/ape/.rvm/gems/ruby-2.3.4/gems/actionpack-4.2.3/lib/action_dispatch/middleware/templates/rescues/_request_and_response.html.erb (0.8ms)
  Rendered /Users/ape/.rvm/gems/ruby-2.3.4/gems/actionpack-4.2.3/lib/action_dispatch/middleware/templates/rescues/template_error.html.erb within rescues/layout (46.8ms)
  Rendered /Users/ape/.rvm/gems/ruby-2.3.4/gems/web-console-2.2.1/lib/web_console/templates/_markup.html.erb (0.4ms)
  Rendered /Users/ape/.rvm/gems/ruby-2.3.4/gems/web-console-2.2.1/lib/web_console/templates/_inner_console_markup.html.erb within layouts/inlined_string (0.4ms)
  Rendered /Users/ape/.rvm/gems/ruby-2.3.4/gems/web-console-2.2.1/lib/web_console/templates/_prompt_box_markup.html.erb within layouts/inlined_string (0.3ms)
  Rendered /Users/ape/.rvm/gems/ruby-2.3.4/gems/web-console-2.2.1/lib/web_console/templates/style.css.erb within layouts/inlined_string (0.3ms)
  Rendered /Users/ape/.rvm/gems/ruby-2.3.4/gems/web-console-2.2.1/lib/web_console/templates/console.js.erb within layouts/javascript (38.0ms)
  Rendered /Users/ape/.rvm/gems/ruby-2.3.4/gems/web-console-2.2.1/lib/web_console/templates/main.js.erb within layouts/javascript (0.3ms)
  Rendered /Users/ape/.rvm/gems/ruby-2.3.4/gems/web-console-2.2.1/lib/web_console/templates/error_page.js.erb within layouts/javascript (0.4ms)
  Rendered /Users/ape/.rvm/gems/ruby-2.3.4/gems/web-console-2.2.1/lib/web_console/templates/index.html.erb (82.8ms)


Started GET "/index" for ::1 at 2017-09-22 15:56:33 -0400
Processing by StudentsController#index as HTML
  [1m[35mStudent Load (0.2ms)[0m  SELECT "students".* FROM "students"
  Rendered students/index.html.erb within layouts/application (4.4ms)
Completed 500 Internal Server Error in 7ms (ActiveRecord: 0.2ms)

ActionView::Template::Error (undefined method `+' for nil:NilClass):
     6:   </head>
     7:   <body>
     8: <% @student.each do |student| %>
     9:     <br><%= student.to_s %>
    10: <% end %>
    11: <!--  going to iterate  over the list of students returned from the index action here.-->
    12: 
  app/models/student.rb:3:in `to_s'
  app/views/students/index.html.erb:9:in `block in _app_views_students_index_html_erb__1932730780411990990_70316372391940'
  app/views/students/index.html.erb:8:in `_app_views_students_index_html_erb__1932730780411990990_70316372391940'


  Rendered /Users/ape/.rvm/gems/ruby-2.3.4/gems/actionpack-4.2.3/lib/action_dispatch/middleware/templates/rescues/_source.erb (4.8ms)
  Rendered /Users/ape/.rvm/gems/ruby-2.3.4/gems/actionpack-4.2.3/lib/action_dispatch/middleware/templates/rescues/_trace.html.erb (2.3ms)
  Rendered /Users/ape/.rvm/gems/ruby-2.3.4/gems/actionpack-4.2.3/lib/action_dispatch/middleware/templates/rescues/_request_and_response.html.erb (0.8ms)
  Rendered /Users/ape/.rvm/gems/ruby-2.3.4/gems/actionpack-4.2.3/lib/action_dispatch/middleware/templates/rescues/template_error.html.erb within rescues/layout (46.9ms)
  Rendered /Users/ape/.rvm/gems/ruby-2.3.4/gems/web-console-2.2.1/lib/web_console/templates/_markup.html.erb (0.3ms)
  Rendered /Users/ape/.rvm/gems/ruby-2.3.4/gems/web-console-2.2.1/lib/web_console/templates/_inner_console_markup.html.erb within layouts/inlined_string (0.3ms)
  Rendered /Users/ape/.rvm/gems/ruby-2.3.4/gems/web-console-2.2.1/lib/web_console/templates/_prompt_box_markup.html.erb within layouts/inlined_string (0.3ms)
  Rendered /Users/ape/.rvm/gems/ruby-2.3.4/gems/web-console-2.2.1/lib/web_console/templates/style.css.erb within layouts/inlined_string (0.4ms)
  Rendered /Users/ape/.rvm/gems/ruby-2.3.4/gems/web-console-2.2.1/lib/web_console/templates/console.js.erb within layouts/javascript (37.2ms)
  Rendered /Users/ape/.rvm/gems/ruby-2.3.4/gems/web-console-2.2.1/lib/web_console/templates/main.js.erb within layouts/javascript (0.4ms)
  Rendered /Users/ape/.rvm/gems/ruby-2.3.4/gems/web-console-2.2.1/lib/web_console/templates/error_page.js.erb within layouts/javascript (0.4ms)
  Rendered /Users/ape/.rvm/gems/ruby-2.3.4/gems/web-console-2.2.1/lib/web_console/templates/index.html.erb (81.9ms)


Started GET "/index" for ::1 at 2017-09-22 15:58:05 -0400
Processing by StudentsController#index as HTML
  [1m[36mStudent Load (0.1ms)[0m  [1mSELECT "students".* FROM "students"[0m
  Rendered students/index.html.erb within layouts/application (0.9ms)
Completed 200 OK in 22ms (Views: 20.4ms | ActiveRecord: 0.1ms)


Started GET "/index" for ::1 at 2017-09-22 15:59:04 -0400
Processing by StudentsController#index as HTML
  [1m[35mStudent Load (0.1ms)[0m  SELECT "students".* FROM "students"
  Rendered students/index.html.erb within layouts/application (4.1ms)
Completed 500 Internal Server Error in 7ms (ActiveRecord: 0.1ms)

ActionView::Template::Error (undefined method `+' for nil:NilClass):
     6:   </head>
     7:   <body>
     8: <% @student.each do |student| %>
     9:     <br><%= student.to_s%>
    10: <% end %>
    11: <!--  going to iterate  over the list of students returned from the index action here.-->
    12: 
  app/models/student.rb:3:in `to_s'
  app/views/students/index.html.erb:9:in `block in _app_views_students_index_html_erb__1932730780411990990_70316374999960'
  app/views/students/index.html.erb:8:in `_app_views_students_index_html_erb__1932730780411990990_70316374999960'


  Rendered /Users/ape/.rvm/gems/ruby-2.3.4/gems/actionpack-4.2.3/lib/action_dispatch/middleware/templates/rescues/_source.erb (4.3ms)
  Rendered /Users/ape/.rvm/gems/ruby-2.3.4/gems/actionpack-4.2.3/lib/action_dispatch/middleware/templates/rescues/_trace.html.erb (2.2ms)
  Rendered /Users/ape/.rvm/gems/ruby-2.3.4/gems/actionpack-4.2.3/lib/action_dispatch/middleware/templates/rescues/_request_and_response.html.erb (1.0ms)
  Rendered /Users/ape/.rvm/gems/ruby-2.3.4/gems/actionpack-4.2.3/lib/action_dispatch/middleware/templates/rescues/template_error.html.erb within rescues/layout (44.4ms)
  Rendered /Users/ape/.rvm/gems/ruby-2.3.4/gems/web-console-2.2.1/lib/web_console/templates/_markup.html.erb (0.3ms)
  Rendered /Users/ape/.rvm/gems/ruby-2.3.4/gems/web-console-2.2.1/lib/web_console/templates/_inner_console_markup.html.erb within layouts/inlined_string (0.4ms)
  Rendered /Users/ape/.rvm/gems/ruby-2.3.4/gems/web-console-2.2.1/lib/web_console/templates/_prompt_box_markup.html.erb within layouts/inlined_string (0.3ms)
  Rendered /Users/ape/.rvm/gems/ruby-2.3.4/gems/web-console-2.2.1/lib/web_console/templates/style.css.erb within layouts/inlined_string (0.4ms)
  Rendered /Users/ape/.rvm/gems/ruby-2.3.4/gems/web-console-2.2.1/lib/web_console/templates/console.js.erb within layouts/javascript (39.0ms)
  Rendered /Users/ape/.rvm/gems/ruby-2.3.4/gems/web-console-2.2.1/lib/web_console/templates/main.js.erb within layouts/javascript (0.3ms)
  Rendered /Users/ape/.rvm/gems/ruby-2.3.4/gems/web-console-2.2.1/lib/web_console/templates/error_page.js.erb within layouts/javascript (0.6ms)
  Rendered /Users/ape/.rvm/gems/ruby-2.3.4/gems/web-console-2.2.1/lib/web_console/templates/index.html.erb (83.8ms)


Started GET "/index" for ::1 at 2017-09-22 15:59:29 -0400
Processing by StudentsController#index as HTML
  [1m[36mStudent Load (0.1ms)[0m  [1mSELECT "students".* FROM "students"[0m
  Rendered students/index.html.erb within layouts/application (0.8ms)
Completed 200 OK in 22ms (Views: 21.3ms | ActiveRecord: 0.1ms)


Started GET "/index" for ::1 at 2017-09-22 15:59:58 -0400
Processing by StudentsController#index as HTML
  [1m[35mStudent Load (0.1ms)[0m  SELECT "students".* FROM "students"
  Rendered students/index.html.erb within layouts/application (3.7ms)
Completed 500 Internal Server Error in 7ms (ActiveRecord: 0.1ms)

ActionView::Template::Error (undefined method `+' for nil:NilClass):
     6:   </head>
     7:   <body>
     8: <% @student.each do |student| %>
     9:     <br><%= student %>
    10: <% end %>
    11: <!--  going to iterate  over the list of students returned from the index action here.-->
    12: 
  app/models/student.rb:3:in `to_s'
  app/views/students/index.html.erb:9:in `block in _app_views_students_index_html_erb__1932730780411990990_70316371308500'
  app/views/students/index.html.erb:8:in `_app_views_students_index_html_erb__1932730780411990990_70316371308500'


  Rendered /Users/ape/.rvm/gems/ruby-2.3.4/gems/actionpack-4.2.3/lib/action_dispatch/middleware/templates/rescues/_source.erb (4.6ms)
  Rendered /Users/ape/.rvm/gems/ruby-2.3.4/gems/actionpack-4.2.3/lib/action_dispatch/middleware/templates/rescues/_trace.html.erb (2.3ms)
  Rendered /Users/ape/.rvm/gems/ruby-2.3.4/gems/actionpack-4.2.3/lib/action_dispatch/middleware/templates/rescues/_request_and_response.html.erb (1.1ms)
  Rendered /Users/ape/.rvm/gems/ruby-2.3.4/gems/actionpack-4.2.3/lib/action_dispatch/middleware/templates/rescues/template_error.html.erb within rescues/layout (46.9ms)
  Rendered /Users/ape/.rvm/gems/ruby-2.3.4/gems/web-console-2.2.1/lib/web_console/templates/_markup.html.erb (0.4ms)
  Rendered /Users/ape/.rvm/gems/ruby-2.3.4/gems/web-console-2.2.1/lib/web_console/templates/_inner_console_markup.html.erb within layouts/inlined_string (0.3ms)
  Rendered /Users/ape/.rvm/gems/ruby-2.3.4/gems/web-console-2.2.1/lib/web_console/templates/_prompt_box_markup.html.erb within layouts/inlined_string (0.3ms)
  Rendered /Users/ape/.rvm/gems/ruby-2.3.4/gems/web-console-2.2.1/lib/web_console/templates/style.css.erb within layouts/inlined_string (0.4ms)
  Rendered /Users/ape/.rvm/gems/ruby-2.3.4/gems/web-console-2.2.1/lib/web_console/templates/console.js.erb within layouts/javascript (37.2ms)
  Rendered /Users/ape/.rvm/gems/ruby-2.3.4/gems/web-console-2.2.1/lib/web_console/templates/main.js.erb within layouts/javascript (0.4ms)
  Rendered /Users/ape/.rvm/gems/ruby-2.3.4/gems/web-console-2.2.1/lib/web_console/templates/error_page.js.erb within layouts/javascript (0.5ms)
  Rendered /Users/ape/.rvm/gems/ruby-2.3.4/gems/web-console-2.2.1/lib/web_console/templates/index.html.erb (81.6ms)


Started GET "/index" for ::1 at 2017-09-22 16:00:12 -0400
Processing by StudentsController#index as HTML
  [1m[36mStudent Load (0.1ms)[0m  [1mSELECT "students".* FROM "students"[0m
  Rendered students/index.html.erb within layouts/application (1.0ms)
Completed 200 OK in 22ms (Views: 21.8ms | ActiveRecord: 0.1ms)


Started GET "/index" for ::1 at 2017-09-22 16:00:21 -0400
Processing by StudentsController#index as HTML
  [1m[35mStudent Load (0.1ms)[0m  SELECT "students".* FROM "students"
  Rendered students/index.html.erb within layouts/application (1.1ms)
Completed 200 OK in 22ms (Views: 21.0ms | ActiveRecord: 0.1ms)


Started GET "/index" for ::1 at 2017-09-22 16:00:29 -0400
Processing by StudentsController#index as HTML
  [1m[36mStudent Load (0.2ms)[0m  [1mSELECT "students".* FROM "students"[0m
  Rendered students/index.html.erb within layouts/application (5.5ms)
Completed 500 Internal Server Error in 8ms (ActiveRecord: 0.2ms)

ActionView::Template::Error (undefined method `last' for #<Student:0x007fe7a12817f8>):
     6:   </head>
     7:   <body>
     8: <% @student.each do |student| %>
     9:     <br><%= student.last%>
    10: <% end %>
    11: <!--  going to iterate  over the list of students returned from the index action here.-->
    12: 
  app/views/students/index.html.erb:9:in `block in _app_views_students_index_html_erb__1932730780411990990_70316405633200'
  app/views/students/index.html.erb:8:in `_app_views_students_index_html_erb__1932730780411990990_70316405633200'


  Rendered /Users/ape/.rvm/gems/ruby-2.3.4/gems/actionpack-4.2.3/lib/action_dispatch/middleware/templates/rescues/_source.erb (5.3ms)
  Rendered /Users/ape/.rvm/gems/ruby-2.3.4/gems/actionpack-4.2.3/lib/action_dispatch/middleware/templates/rescues/_trace.html.erb (1.8ms)
  Rendered /Users/ape/.rvm/gems/ruby-2.3.4/gems/actionpack-4.2.3/lib/action_dispatch/middleware/templates/rescues/_request_and_response.html.erb (0.9ms)
  Rendered /Users/ape/.rvm/gems/ruby-2.3.4/gems/actionpack-4.2.3/lib/action_dispatch/middleware/templates/rescues/template_error.html.erb within rescues/layout (46.2ms)
  Rendered /Users/ape/.rvm/gems/ruby-2.3.4/gems/web-console-2.2.1/lib/web_console/templates/_markup.html.erb (0.4ms)
  Rendered /Users/ape/.rvm/gems/ruby-2.3.4/gems/web-console-2.2.1/lib/web_console/templates/_inner_console_markup.html.erb within layouts/inlined_string (0.4ms)
  Rendered /Users/ape/.rvm/gems/ruby-2.3.4/gems/web-console-2.2.1/lib/web_console/templates/_prompt_box_markup.html.erb within layouts/inlined_string (0.3ms)
  Rendered /Users/ape/.rvm/gems/ruby-2.3.4/gems/web-console-2.2.1/lib/web_console/templates/style.css.erb within layouts/inlined_string (0.3ms)
  Rendered /Users/ape/.rvm/gems/ruby-2.3.4/gems/web-console-2.2.1/lib/web_console/templates/console.js.erb within layouts/javascript (37.4ms)
  Rendered /Users/ape/.rvm/gems/ruby-2.3.4/gems/web-console-2.2.1/lib/web_console/templates/main.js.erb within layouts/javascript (0.3ms)
  Rendered /Users/ape/.rvm/gems/ruby-2.3.4/gems/web-console-2.2.1/lib/web_console/templates/error_page.js.erb within layouts/javascript (0.6ms)
  Rendered /Users/ape/.rvm/gems/ruby-2.3.4/gems/web-console-2.2.1/lib/web_console/templates/index.html.erb (82.8ms)


Started GET "/index" for ::1 at 2017-09-22 16:00:57 -0400
Processing by StudentsController#index as HTML
  [1m[35mStudent Load (0.1ms)[0m  SELECT "students".* FROM "students"
  Rendered students/index.html.erb within layouts/application (3.0ms)
Completed 500 Internal Server Error in 6ms (ActiveRecord: 0.1ms)

ActionView::Template::Error (undefined method `+' for nil:NilClass):
     6:   </head>
     7:   <body>
     8: <% @student.each do |student| %>
     9:     <%= student.to_s%>
    10: <% end %>
    11: <!--  going to iterate  over the list of students returned from the index action here.-->
    12: 
  app/models/student.rb:3:in `to_s'
  app/views/students/index.html.erb:9:in `block in _app_views_students_index_html_erb__1932730780411990990_70316406960660'
  app/views/students/index.html.erb:8:in `_app_views_students_index_html_erb__1932730780411990990_70316406960660'


  Rendered /Users/ape/.rvm/gems/ruby-2.3.4/gems/actionpack-4.2.3/lib/action_dispatch/middleware/templates/rescues/_source.erb (4.7ms)
  Rendered /Users/ape/.rvm/gems/ruby-2.3.4/gems/actionpack-4.2.3/lib/action_dispatch/middleware/templates/rescues/_trace.html.erb (2.3ms)
  Rendered /Users/ape/.rvm/gems/ruby-2.3.4/gems/actionpack-4.2.3/lib/action_dispatch/middleware/templates/rescues/_request_and_response.html.erb (0.9ms)
  Rendered /Users/ape/.rvm/gems/ruby-2.3.4/gems/actionpack-4.2.3/lib/action_dispatch/middleware/templates/rescues/template_error.html.erb within rescues/layout (46.0ms)
  Rendered /Users/ape/.rvm/gems/ruby-2.3.4/gems/web-console-2.2.1/lib/web_console/templates/_markup.html.erb (0.3ms)
  Rendered /Users/ape/.rvm/gems/ruby-2.3.4/gems/web-console-2.2.1/lib/web_console/templates/_inner_console_markup.html.erb within layouts/inlined_string (0.3ms)
  Rendered /Users/ape/.rvm/gems/ruby-2.3.4/gems/web-console-2.2.1/lib/web_console/templates/_prompt_box_markup.html.erb within layouts/inlined_string (0.3ms)
  Rendered /Users/ape/.rvm/gems/ruby-2.3.4/gems/web-console-2.2.1/lib/web_console/templates/style.css.erb within layouts/inlined_string (0.4ms)
  Rendered /Users/ape/.rvm/gems/ruby-2.3.4/gems/web-console-2.2.1/lib/web_console/templates/console.js.erb within layouts/javascript (37.5ms)
  Rendered /Users/ape/.rvm/gems/ruby-2.3.4/gems/web-console-2.2.1/lib/web_console/templates/main.js.erb within layouts/javascript (0.3ms)
  Rendered /Users/ape/.rvm/gems/ruby-2.3.4/gems/web-console-2.2.1/lib/web_console/templates/error_page.js.erb within layouts/javascript (0.4ms)
  Rendered /Users/ape/.rvm/gems/ruby-2.3.4/gems/web-console-2.2.1/lib/web_console/templates/index.html.erb (81.2ms)


Started GET "/index" for ::1 at 2017-09-22 16:01:10 -0400
Processing by StudentsController#index as HTML
  [1m[36mStudent Load (0.2ms)[0m  [1mSELECT "students".* FROM "students"[0m
  Rendered students/index.html.erb within layouts/application (1.2ms)
Completed 200 OK in 23ms (Views: 21.7ms | ActiveRecord: 0.2ms)


Started GET "/index" for ::1 at 2017-09-22 16:03:33 -0400
Processing by StudentsController#index as HTML
  Rendered students/index.html.erb within layouts/application (0.7ms)
Completed 500 Internal Server Error in 4ms (ActiveRecord: 0.0ms)

SyntaxError (/Users/ape/rails-restful-index-action-lab-web-082817/app/views/students/index.html.erb:5: syntax error, unexpected keyword_ensure, expecting keyword_end
/Users/ape/rails-restful-index-action-lab-web-082817/app/views/students/index.html.erb:7: syntax error, unexpected end-of-input, expecting keyword_end):
  app/views/students/index.html.erb:5: syntax error, unexpected keyword_ensure, expecting keyword_end
  app/views/students/index.html.erb:7: syntax error, unexpected end-of-input, expecting keyword_end


  Rendered /Users/ape/.rvm/gems/ruby-2.3.4/gems/actionpack-4.2.3/lib/action_dispatch/middleware/templates/rescues/_source.erb (4.3ms)
  Rendered /Users/ape/.rvm/gems/ruby-2.3.4/gems/actionpack-4.2.3/lib/action_dispatch/middleware/templates/rescues/_trace.html.erb (2.3ms)
  Rendered /Users/ape/.rvm/gems/ruby-2.3.4/gems/actionpack-4.2.3/lib/action_dispatch/middleware/templates/rescues/_request_and_response.html.erb (0.9ms)
  Rendered /Users/ape/.rvm/gems/ruby-2.3.4/gems/actionpack-4.2.3/lib/action_dispatch/middleware/templates/rescues/diagnostics.html.erb within rescues/layout (46.6ms)
  Rendered /Users/ape/.rvm/gems/ruby-2.3.4/gems/web-console-2.2.1/lib/web_console/templates/_markup.html.erb (0.3ms)
  Rendered /Users/ape/.rvm/gems/ruby-2.3.4/gems/web-console-2.2.1/lib/web_console/templates/_inner_console_markup.html.erb within layouts/inlined_string (0.3ms)
  Rendered /Users/ape/.rvm/gems/ruby-2.3.4/gems/web-console-2.2.1/lib/web_console/templates/_prompt_box_markup.html.erb within layouts/inlined_string (0.5ms)
  Rendered /Users/ape/.rvm/gems/ruby-2.3.4/gems/web-console-2.2.1/lib/web_console/templates/style.css.erb within layouts/inlined_string (0.3ms)
  Rendered /Users/ape/.rvm/gems/ruby-2.3.4/gems/web-console-2.2.1/lib/web_console/templates/console.js.erb within layouts/javascript (37.8ms)
  Rendered /Users/ape/.rvm/gems/ruby-2.3.4/gems/web-console-2.2.1/lib/web_console/templates/main.js.erb within layouts/javascript (0.3ms)
  Rendered /Users/ape/.rvm/gems/ruby-2.3.4/gems/web-console-2.2.1/lib/web_console/templates/error_page.js.erb within layouts/javascript (0.4ms)
  Rendered /Users/ape/.rvm/gems/ruby-2.3.4/gems/web-console-2.2.1/lib/web_console/templates/index.html.erb (90.7ms)


Started GET "/index" for ::1 at 2017-09-22 16:03:43 -0400
Processing by StudentsController#index as HTML
  Rendered students/index.html.erb within layouts/application (5.1ms)
Completed 500 Internal Server Error in 12ms (ActiveRecord: 0.0ms)

ActionView::Template::Error (undefined method `each' for nil:NilClass):
    1: <% @students.each do |student| %>
    2:   <br><%= student.to_s %>
    3: <% end %>
  app/views/students/index.html.erb:1:in `_app_views_students_index_html_erb__1932730780411990990_70316408523380'


  Rendered /Users/ape/.rvm/gems/ruby-2.3.4/gems/actionpack-4.2.3/lib/action_dispatch/middleware/templates/rescues/_source.erb (7.1ms)
  Rendered /Users/ape/.rvm/gems/ruby-2.3.4/gems/actionpack-4.2.3/lib/action_dispatch/middleware/templates/rescues/_trace.html.erb (4.8ms)
  Rendered /Users/ape/.rvm/gems/ruby-2.3.4/gems/actionpack-4.2.3/lib/action_dispatch/middleware/templates/rescues/_request_and_response.html.erb (1.0ms)
  Rendered /Users/ape/.rvm/gems/ruby-2.3.4/gems/actionpack-4.2.3/lib/action_dispatch/middleware/templates/rescues/template_error.html.erb within rescues/layout (78.7ms)
  Rendered /Users/ape/.rvm/gems/ruby-2.3.4/gems/web-console-2.2.1/lib/web_console/templates/_markup.html.erb (0.5ms)
  Rendered /Users/ape/.rvm/gems/ruby-2.3.4/gems/web-console-2.2.1/lib/web_console/templates/_inner_console_markup.html.erb within layouts/inlined_string (0.6ms)
  Rendered /Users/ape/.rvm/gems/ruby-2.3.4/gems/web-console-2.2.1/lib/web_console/templates/_prompt_box_markup.html.erb within layouts/inlined_string (0.3ms)
  Rendered /Users/ape/.rvm/gems/ruby-2.3.4/gems/web-console-2.2.1/lib/web_console/templates/style.css.erb within layouts/inlined_string (0.3ms)
  Rendered /Users/ape/.rvm/gems/ruby-2.3.4/gems/web-console-2.2.1/lib/web_console/templates/console.js.erb within layouts/javascript (44.6ms)
  Rendered /Users/ape/.rvm/gems/ruby-2.3.4/gems/web-console-2.2.1/lib/web_console/templates/main.js.erb within layouts/javascript (0.3ms)
  Rendered /Users/ape/.rvm/gems/ruby-2.3.4/gems/web-console-2.2.1/lib/web_console/templates/error_page.js.erb within layouts/javascript (0.5ms)
  Rendered /Users/ape/.rvm/gems/ruby-2.3.4/gems/web-console-2.2.1/lib/web_console/templates/index.html.erb (104.1ms)


Started GET "/index" for ::1 at 2017-09-22 16:04:16 -0400
Processing by StudentsController#index as HTML
  Rendered students/index.html.erb within layouts/application (2.8ms)
Completed 500 Internal Server Error in 6ms (ActiveRecord: 0.0ms)

ActionView::Template::Error (undefined method `each' for nil:NilClass):
    1: <%= @students.each do |student| %>
    2:   <br><%= student.to_s %>
    3: <% end %>
  app/views/students/index.html.erb:1:in `_app_views_students_index_html_erb__1932730780411990990_70316410701320'


  Rendered /Users/ape/.rvm/gems/ruby-2.3.4/gems/actionpack-4.2.3/lib/action_dispatch/middleware/templates/rescues/_source.erb (4.3ms)
  Rendered /Users/ape/.rvm/gems/ruby-2.3.4/gems/actionpack-4.2.3/lib/action_dispatch/middleware/templates/rescues/_trace.html.erb (2.1ms)
  Rendered /Users/ape/.rvm/gems/ruby-2.3.4/gems/actionpack-4.2.3/lib/action_dispatch/middleware/templates/rescues/_request_and_response.html.erb (0.9ms)
  Rendered /Users/ape/.rvm/gems/ruby-2.3.4/gems/actionpack-4.2.3/lib/action_dispatch/middleware/templates/rescues/template_error.html.erb within rescues/layout (45.6ms)
  Rendered /Users/ape/.rvm/gems/ruby-2.3.4/gems/web-console-2.2.1/lib/web_console/templates/_markup.html.erb (0.4ms)
  Rendered /Users/ape/.rvm/gems/ruby-2.3.4/gems/web-console-2.2.1/lib/web_console/templates/_inner_console_markup.html.erb within layouts/inlined_string (0.3ms)
  Rendered /Users/ape/.rvm/gems/ruby-2.3.4/gems/web-console-2.2.1/lib/web_console/templates/_prompt_box_markup.html.erb within layouts/inlined_string (0.3ms)
  Rendered /Users/ape/.rvm/gems/ruby-2.3.4/gems/web-console-2.2.1/lib/web_console/templates/style.css.erb within layouts/inlined_string (0.3ms)
  Rendered /Users/ape/.rvm/gems/ruby-2.3.4/gems/web-console-2.2.1/lib/web_console/templates/console.js.erb within layouts/javascript (38.4ms)
  Rendered /Users/ape/.rvm/gems/ruby-2.3.4/gems/web-console-2.2.1/lib/web_console/templates/main.js.erb within layouts/javascript (0.4ms)
  Rendered /Users/ape/.rvm/gems/ruby-2.3.4/gems/web-console-2.2.1/lib/web_console/templates/error_page.js.erb within layouts/javascript (0.4ms)
  Rendered /Users/ape/.rvm/gems/ruby-2.3.4/gems/web-console-2.2.1/lib/web_console/templates/index.html.erb (84.5ms)


Started GET "/index" for ::1 at 2017-09-22 16:44:08 -0400
Processing by StudentsController#index as HTML
  Rendered students/index.html.erb within layouts/application (2.2ms)
Completed 500 Internal Server Error in 6ms (ActiveRecord: 0.0ms)

ActionView::Template::Error (undefined method `each' for nil:NilClass):
    1: <%= @students.each do |student| %>
    2:   <br><%= student.to_s %>
    3: <% end %>
  app/views/students/index.html.erb:1:in `_app_views_students_index_html_erb__1932730780411990990_70316410701320'


  Rendered /Users/ape/.rvm/gems/ruby-2.3.4/gems/actionpack-4.2.3/lib/action_dispatch/middleware/templates/rescues/_source.erb (4.1ms)
  Rendered /Users/ape/.rvm/gems/ruby-2.3.4/gems/actionpack-4.2.3/lib/action_dispatch/middleware/templates/rescues/_trace.html.erb (2.1ms)
  Rendered /Users/ape/.rvm/gems/ruby-2.3.4/gems/actionpack-4.2.3/lib/action_dispatch/middleware/templates/rescues/_request_and_response.html.erb (0.9ms)
  Rendered /Users/ape/.rvm/gems/ruby-2.3.4/gems/actionpack-4.2.3/lib/action_dispatch/middleware/templates/rescues/template_error.html.erb within rescues/layout (44.0ms)
  Rendered /Users/ape/.rvm/gems/ruby-2.3.4/gems/web-console-2.2.1/lib/web_console/templates/_markup.html.erb (0.3ms)
  Rendered /Users/ape/.rvm/gems/ruby-2.3.4/gems/web-console-2.2.1/lib/web_console/templates/_inner_console_markup.html.erb within layouts/inlined_string (0.3ms)
  Rendered /Users/ape/.rvm/gems/ruby-2.3.4/gems/web-console-2.2.1/lib/web_console/templates/_prompt_box_markup.html.erb within layouts/inlined_string (0.3ms)
  Rendered /Users/ape/.rvm/gems/ruby-2.3.4/gems/web-console-2.2.1/lib/web_console/templates/style.css.erb within layouts/inlined_string (0.3ms)
  Rendered /Users/ape/.rvm/gems/ruby-2.3.4/gems/web-console-2.2.1/lib/web_console/templates/console.js.erb within layouts/javascript (35.7ms)
  Rendered /Users/ape/.rvm/gems/ruby-2.3.4/gems/web-console-2.2.1/lib/web_console/templates/main.js.erb within layouts/javascript (0.3ms)
  Rendered /Users/ape/.rvm/gems/ruby-2.3.4/gems/web-console-2.2.1/lib/web_console/templates/error_page.js.erb within layouts/javascript (0.4ms)
  Rendered /Users/ape/.rvm/gems/ruby-2.3.4/gems/web-console-2.2.1/lib/web_console/templates/index.html.erb (78.9ms)


Started GET "/index" for ::1 at 2017-09-22 16:44:26 -0400
Processing by StudentsController#index as HTML
  Rendered students/index.html.erb within layouts/application (3.3ms)
Completed 500 Internal Server Error in 7ms (ActiveRecord: 0.0ms)

ActionView::Template::Error (undefined method `each' for nil:NilClass):
    1: <%= @students.each do |student| %>
    2:   <br><%= student.to_s %>
    3: <% end %>
  app/views/students/index.html.erb:1:in `_app_views_students_index_html_erb__1932730780411990990_70316410701320'


  Rendered /Users/ape/.rvm/gems/ruby-2.3.4/gems/actionpack-4.2.3/lib/action_dispatch/middleware/templates/rescues/_source.erb (5.8ms)
  Rendered /Users/ape/.rvm/gems/ruby-2.3.4/gems/actionpack-4.2.3/lib/action_dispatch/middleware/templates/rescues/_trace.html.erb (2.2ms)
  Rendered /Users/ape/.rvm/gems/ruby-2.3.4/gems/actionpack-4.2.3/lib/action_dispatch/middleware/templates/rescues/_request_and_response.html.erb (0.6ms)
  Rendered /Users/ape/.rvm/gems/ruby-2.3.4/gems/actionpack-4.2.3/lib/action_dispatch/middleware/templates/rescues/template_error.html.erb within rescues/layout (45.4ms)
  Rendered /Users/ape/.rvm/gems/ruby-2.3.4/gems/web-console-2.2.1/lib/web_console/templates/_markup.html.erb (0.3ms)
  Rendered /Users/ape/.rvm/gems/ruby-2.3.4/gems/web-console-2.2.1/lib/web_console/templates/_inner_console_markup.html.erb within layouts/inlined_string (0.3ms)
  Rendered /Users/ape/.rvm/gems/ruby-2.3.4/gems/web-console-2.2.1/lib/web_console/templates/_prompt_box_markup.html.erb within layouts/inlined_string (0.3ms)
  Rendered /Users/ape/.rvm/gems/ruby-2.3.4/gems/web-console-2.2.1/lib/web_console/templates/style.css.erb within layouts/inlined_string (0.3ms)
  Rendered /Users/ape/.rvm/gems/ruby-2.3.4/gems/web-console-2.2.1/lib/web_console/templates/console.js.erb within layouts/javascript (36.0ms)
  Rendered /Users/ape/.rvm/gems/ruby-2.3.4/gems/web-console-2.2.1/lib/web_console/templates/main.js.erb within layouts/javascript (0.3ms)
  Rendered /Users/ape/.rvm/gems/ruby-2.3.4/gems/web-console-2.2.1/lib/web_console/templates/error_page.js.erb within layouts/javascript (0.6ms)
  Rendered /Users/ape/.rvm/gems/ruby-2.3.4/gems/web-console-2.2.1/lib/web_console/templates/index.html.erb (80.5ms)


Started GET "/index" for ::1 at 2017-09-22 16:45:16 -0400
Processing by StudentsController#index as HTML
  [1m[35mStudent Load (0.2ms)[0m  SELECT "students".* FROM "students"
  Rendered students/index.html.erb within layouts/application (6.6ms)
Completed 500 Internal Server Error in 11ms (ActiveRecord: 0.5ms)

ActionView::Template::Error (undefined method `+' for nil:NilClass):
    1: <% @students.each do |student| %>
    2:   <br> <%= student.to_s %>
    3: <% end %>
  app/models/student.rb:3:in `to_s'
  app/views/students/index.html.erb:2:in `block in _app_views_students_index_html_erb__1932730780411990990_70316420859020'
  app/views/students/index.html.erb:1:in `_app_views_students_index_html_erb__1932730780411990990_70316420859020'


  Rendered /Users/ape/.rvm/gems/ruby-2.3.4/gems/actionpack-4.2.3/lib/action_dispatch/middleware/templates/rescues/_source.erb (4.3ms)
  Rendered /Users/ape/.rvm/gems/ruby-2.3.4/gems/actionpack-4.2.3/lib/action_dispatch/middleware/templates/rescues/_trace.html.erb (2.4ms)
  Rendered /Users/ape/.rvm/gems/ruby-2.3.4/gems/actionpack-4.2.3/lib/action_dispatch/middleware/templates/rescues/_request_and_response.html.erb (0.9ms)
  Rendered /Users/ape/.rvm/gems/ruby-2.3.4/gems/actionpack-4.2.3/lib/action_dispatch/middleware/templates/rescues/template_error.html.erb within rescues/layout (44.3ms)
  Rendered /Users/ape/.rvm/gems/ruby-2.3.4/gems/web-console-2.2.1/lib/web_console/templates/_markup.html.erb (0.3ms)
  Rendered /Users/ape/.rvm/gems/ruby-2.3.4/gems/web-console-2.2.1/lib/web_console/templates/_inner_console_markup.html.erb within layouts/inlined_string (0.3ms)
  Rendered /Users/ape/.rvm/gems/ruby-2.3.4/gems/web-console-2.2.1/lib/web_console/templates/_prompt_box_markup.html.erb within layouts/inlined_string (0.2ms)
  Rendered /Users/ape/.rvm/gems/ruby-2.3.4/gems/web-console-2.2.1/lib/web_console/templates/style.css.erb within layouts/inlined_string (0.3ms)
  Rendered /Users/ape/.rvm/gems/ruby-2.3.4/gems/web-console-2.2.1/lib/web_console/templates/console.js.erb within layouts/javascript (36.2ms)
  Rendered /Users/ape/.rvm/gems/ruby-2.3.4/gems/web-console-2.2.1/lib/web_console/templates/main.js.erb within layouts/javascript (0.5ms)
  Rendered /Users/ape/.rvm/gems/ruby-2.3.4/gems/web-console-2.2.1/lib/web_console/templates/error_page.js.erb within layouts/javascript (0.4ms)
  Rendered /Users/ape/.rvm/gems/ruby-2.3.4/gems/web-console-2.2.1/lib/web_console/templates/index.html.erb (81.2ms)


Started GET "/students/" for ::1 at 2017-09-22 16:49:54 -0400

ActionController::RoutingError (No route matches [GET] "/students"):
  actionpack (4.2.3) lib/action_dispatch/middleware/debug_exceptions.rb:21:in `call'
  web-console (2.2.1) lib/web_console/middleware.rb:39:in `call'
  actionpack (4.2.3) lib/action_dispatch/middleware/show_exceptions.rb:30:in `call'
  railties (4.2.3) lib/rails/rack/logger.rb:38:in `call_app'
  railties (4.2.3) lib/rails/rack/logger.rb:20:in `block in call'
  activesupport (4.2.3) lib/active_support/tagged_logging.rb:68:in `block in tagged'
  activesupport (4.2.3) lib/active_support/tagged_logging.rb:26:in `tagged'
  activesupport (4.2.3) lib/active_support/tagged_logging.rb:68:in `tagged'
  railties (4.2.3) lib/rails/rack/logger.rb:20:in `call'
  actionpack (4.2.3) lib/action_dispatch/middleware/request_id.rb:21:in `call'
  rack (1.6.4) lib/rack/methodoverride.rb:22:in `call'
  rack (1.6.4) lib/rack/runtime.rb:18:in `call'
  activesupport (4.2.3) lib/active_support/cache/strategy/local_cache_middleware.rb:28:in `call'
  rack (1.6.4) lib/rack/lock.rb:17:in `call'
  actionpack (4.2.3) lib/action_dispatch/middleware/static.rb:116:in `call'
  rack (1.6.4) lib/rack/sendfile.rb:113:in `call'
  railties (4.2.3) lib/rails/engine.rb:518:in `call'
  railties (4.2.3) lib/rails/application.rb:165:in `call'
  rack (1.6.4) lib/rack/lock.rb:17:in `call'
  rack (1.6.4) lib/rack/content_length.rb:15:in `call'
  rack (1.6.4) lib/rack/handler/webrick.rb:88:in `service'
  /Users/ape/.rvm/rubies/ruby-2.3.4/lib/ruby/2.3.0/webrick/httpserver.rb:140:in `service'
  /Users/ape/.rvm/rubies/ruby-2.3.4/lib/ruby/2.3.0/webrick/httpserver.rb:96:in `run'
  /Users/ape/.rvm/rubies/ruby-2.3.4/lib/ruby/2.3.0/webrick/server.rb:296:in `block in start_thread'


  Rendered /Users/ape/.rvm/gems/ruby-2.3.4/gems/actionpack-4.2.3/lib/action_dispatch/middleware/templates/rescues/_trace.html.erb (1.2ms)
  Rendered /Users/ape/.rvm/gems/ruby-2.3.4/gems/actionpack-4.2.3/lib/action_dispatch/middleware/templates/routes/_route.html.erb (0.8ms)
  Rendered /Users/ape/.rvm/gems/ruby-2.3.4/gems/actionpack-4.2.3/lib/action_dispatch/middleware/templates/routes/_table.html.erb (1.1ms)
  Rendered /Users/ape/.rvm/gems/ruby-2.3.4/gems/actionpack-4.2.3/lib/action_dispatch/middleware/templates/rescues/_request_and_response.html.erb (1.1ms)
  Rendered /Users/ape/.rvm/gems/ruby-2.3.4/gems/actionpack-4.2.3/lib/action_dispatch/middleware/templates/rescues/routing_error.html.erb within rescues/layout (57.5ms)
  Rendered /Users/ape/.rvm/gems/ruby-2.3.4/gems/web-console-2.2.1/lib/web_console/templates/_markup.html.erb (0.4ms)
  Rendered /Users/ape/.rvm/gems/ruby-2.3.4/gems/web-console-2.2.1/lib/web_console/templates/_inner_console_markup.html.erb within layouts/inlined_string (0.3ms)
  Rendered /Users/ape/.rvm/gems/ruby-2.3.4/gems/web-console-2.2.1/lib/web_console/templates/_prompt_box_markup.html.erb within layouts/inlined_string (0.3ms)
  Rendered /Users/ape/.rvm/gems/ruby-2.3.4/gems/web-console-2.2.1/lib/web_console/templates/style.css.erb within layouts/inlined_string (0.4ms)
  Rendered /Users/ape/.rvm/gems/ruby-2.3.4/gems/web-console-2.2.1/lib/web_console/templates/console.js.erb within layouts/javascript (39.9ms)
  Rendered /Users/ape/.rvm/gems/ruby-2.3.4/gems/web-console-2.2.1/lib/web_console/templates/main.js.erb within layouts/javascript (0.4ms)
  Rendered /Users/ape/.rvm/gems/ruby-2.3.4/gems/web-console-2.2.1/lib/web_console/templates/error_page.js.erb within layouts/javascript (0.4ms)
  Rendered /Users/ape/.rvm/gems/ruby-2.3.4/gems/web-console-2.2.1/lib/web_console/templates/index.html.erb (87.8ms)


Started GET "/students/" for ::1 at 2017-09-22 16:50:40 -0400
Processing by StudentsController#index as HTML
  [1m[36mStudent Load (0.2ms)[0m  [1mSELECT "students".* FROM "students"[0m
  Rendered students/index.html.erb within layouts/application (5.7ms)
Completed 500 Internal Server Error in 10ms (ActiveRecord: 0.5ms)

ActionView::Template::Error (undefined method `+' for nil:NilClass):
    1: <% @students.each do |student| %>
    2:   <br> <%= student.to_s %>
    3: <% end %>
  app/models/student.rb:3:in `to_s'
  app/views/students/index.html.erb:2:in `block in _app_views_students_index_html_erb__1932730780411990990_70316420859020'
  app/views/students/index.html.erb:1:in `_app_views_students_index_html_erb__1932730780411990990_70316420859020'


  Rendered /Users/ape/.rvm/gems/ruby-2.3.4/gems/actionpack-4.2.3/lib/action_dispatch/middleware/templates/rescues/_source.erb (5.0ms)
  Rendered /Users/ape/.rvm/gems/ruby-2.3.4/gems/actionpack-4.2.3/lib/action_dispatch/middleware/templates/rescues/_trace.html.erb (2.7ms)
  Rendered /Users/ape/.rvm/gems/ruby-2.3.4/gems/actionpack-4.2.3/lib/action_dispatch/middleware/templates/rescues/_request_and_response.html.erb (0.7ms)
  Rendered /Users/ape/.rvm/gems/ruby-2.3.4/gems/actionpack-4.2.3/lib/action_dispatch/middleware/templates/rescues/template_error.html.erb within rescues/layout (47.5ms)
  Rendered /Users/ape/.rvm/gems/ruby-2.3.4/gems/web-console-2.2.1/lib/web_console/templates/_markup.html.erb (0.5ms)
  Rendered /Users/ape/.rvm/gems/ruby-2.3.4/gems/web-console-2.2.1/lib/web_console/templates/_inner_console_markup.html.erb within layouts/inlined_string (0.3ms)
  Rendered /Users/ape/.rvm/gems/ruby-2.3.4/gems/web-console-2.2.1/lib/web_console/templates/_prompt_box_markup.html.erb within layouts/inlined_string (0.3ms)
  Rendered /Users/ape/.rvm/gems/ruby-2.3.4/gems/web-console-2.2.1/lib/web_console/templates/style.css.erb within layouts/inlined_string (0.3ms)
  Rendered /Users/ape/.rvm/gems/ruby-2.3.4/gems/web-console-2.2.1/lib/web_console/templates/console.js.erb within layouts/javascript (35.9ms)
  Rendered /Users/ape/.rvm/gems/ruby-2.3.4/gems/web-console-2.2.1/lib/web_console/templates/main.js.erb within layouts/javascript (0.4ms)
  Rendered /Users/ape/.rvm/gems/ruby-2.3.4/gems/web-console-2.2.1/lib/web_console/templates/error_page.js.erb within layouts/javascript (0.5ms)
  Rendered /Users/ape/.rvm/gems/ruby-2.3.4/gems/web-console-2.2.1/lib/web_console/templates/index.html.erb (81.0ms)


Started GET "/students" for ::1 at 2017-09-22 16:50:47 -0400
Processing by StudentsController#index as HTML
  [1m[35mStudent Load (0.1ms)[0m  SELECT "students".* FROM "students"
  Rendered students/index.html.erb within layouts/application (2.8ms)
Completed 500 Internal Server Error in 6ms (ActiveRecord: 0.1ms)

ActionView::Template::Error (undefined method `+' for nil:NilClass):
    1: <% @students.each do |student| %>
    2:   <br> <%= student.to_s %>
    3: <% end %>
  app/models/student.rb:3:in `to_s'
  app/views/students/index.html.erb:2:in `block in _app_views_students_index_html_erb__1932730780411990990_70316420859020'
  app/views/students/index.html.erb:1:in `_app_views_students_index_html_erb__1932730780411990990_70316420859020'


  Rendered /Users/ape/.rvm/gems/ruby-2.3.4/gems/actionpack-4.2.3/lib/action_dispatch/middleware/templates/rescues/_source.erb (4.4ms)
  Rendered /Users/ape/.rvm/gems/ruby-2.3.4/gems/actionpack-4.2.3/lib/action_dispatch/middleware/templates/rescues/_trace.html.erb (2.5ms)
  Rendered /Users/ape/.rvm/gems/ruby-2.3.4/gems/actionpack-4.2.3/lib/action_dispatch/middleware/templates/rescues/_request_and_response.html.erb (0.8ms)
  Rendered /Users/ape/.rvm/gems/ruby-2.3.4/gems/actionpack-4.2.3/lib/action_dispatch/middleware/templates/rescues/template_error.html.erb within rescues/layout (44.0ms)
  Rendered /Users/ape/.rvm/gems/ruby-2.3.4/gems/web-console-2.2.1/lib/web_console/templates/_markup.html.erb (0.3ms)
  Rendered /Users/ape/.rvm/gems/ruby-2.3.4/gems/web-console-2.2.1/lib/web_console/templates/_inner_console_markup.html.erb within layouts/inlined_string (0.3ms)
  Rendered /Users/ape/.rvm/gems/ruby-2.3.4/gems/web-console-2.2.1/lib/web_console/templates/_prompt_box_markup.html.erb within layouts/inlined_string (0.2ms)
  Rendered /Users/ape/.rvm/gems/ruby-2.3.4/gems/web-console-2.2.1/lib/web_console/templates/style.css.erb within layouts/inlined_string (0.3ms)
  Rendered /Users/ape/.rvm/gems/ruby-2.3.4/gems/web-console-2.2.1/lib/web_console/templates/console.js.erb within layouts/javascript (35.4ms)
  Rendered /Users/ape/.rvm/gems/ruby-2.3.4/gems/web-console-2.2.1/lib/web_console/templates/main.js.erb within layouts/javascript (0.3ms)
  Rendered /Users/ape/.rvm/gems/ruby-2.3.4/gems/web-console-2.2.1/lib/web_console/templates/error_page.js.erb within layouts/javascript (0.5ms)
  Rendered /Users/ape/.rvm/gems/ruby-2.3.4/gems/web-console-2.2.1/lib/web_console/templates/index.html.erb (80.3ms)


Started GET "/" for ::1 at 2017-09-22 16:51:40 -0400
  [1m[36mActiveRecord::SchemaMigration Load (0.1ms)[0m  [1mSELECT "schema_migrations".* FROM "schema_migrations"[0m
Processing by Rails::WelcomeController#index as HTML
  Rendered /Users/ape/.rvm/gems/ruby-2.3.4/gems/railties-4.2.3/lib/rails/templates/rails/welcome/index.html.erb (1.2ms)
Completed 200 OK in 15ms (Views: 6.2ms | ActiveRecord: 0.0ms)


Started GET "/students" for ::1 at 2017-09-22 16:51:46 -0400
Processing by StudentsController#index as HTML
  [1m[35mStudent Load (0.3ms)[0m  SELECT "students".* FROM "students"
  Rendered students/index.html.erb within layouts/application (11.1ms)
Completed 500 Internal Server Error in 16ms (ActiveRecord: 0.6ms)

ActionView::Template::Error (undefined method `+' for nil:NilClass):
    1: <% @students.each do |student| %>
    2:   <br> <%= student.to_s %>
    3: <% end %>
  app/models/student.rb:3:in `to_s'
  app/views/students/index.html.erb:2:in `block in _app_views_students_index_html_erb__381617149940920740_70347127978480'
  app/views/students/index.html.erb:1:in `_app_views_students_index_html_erb__381617149940920740_70347127978480'


  Rendered /Users/ape/.rvm/gems/ruby-2.3.4/gems/actionpack-4.2.3/lib/action_dispatch/middleware/templates/rescues/_source.erb (4.3ms)
  Rendered /Users/ape/.rvm/gems/ruby-2.3.4/gems/actionpack-4.2.3/lib/action_dispatch/middleware/templates/rescues/_trace.html.erb (2.1ms)
  Rendered /Users/ape/.rvm/gems/ruby-2.3.4/gems/actionpack-4.2.3/lib/action_dispatch/middleware/templates/rescues/_request_and_response.html.erb (0.7ms)
  Rendered /Users/ape/.rvm/gems/ruby-2.3.4/gems/actionpack-4.2.3/lib/action_dispatch/middleware/templates/rescues/template_error.html.erb within rescues/layout (43.8ms)
  Rendered /Users/ape/.rvm/gems/ruby-2.3.4/gems/web-console-2.2.1/lib/web_console/templates/_markup.html.erb (0.3ms)
  Rendered /Users/ape/.rvm/gems/ruby-2.3.4/gems/web-console-2.2.1/lib/web_console/templates/_inner_console_markup.html.erb within layouts/inlined_string (0.3ms)
  Rendered /Users/ape/.rvm/gems/ruby-2.3.4/gems/web-console-2.2.1/lib/web_console/templates/_prompt_box_markup.html.erb within layouts/inlined_string (0.4ms)
  Rendered /Users/ape/.rvm/gems/ruby-2.3.4/gems/web-console-2.2.1/lib/web_console/templates/style.css.erb within layouts/inlined_string (0.5ms)
  Rendered /Users/ape/.rvm/gems/ruby-2.3.4/gems/web-console-2.2.1/lib/web_console/templates/console.js.erb within layouts/javascript (40.2ms)
  Rendered /Users/ape/.rvm/gems/ruby-2.3.4/gems/web-console-2.2.1/lib/web_console/templates/main.js.erb within layouts/javascript (0.4ms)
  Rendered /Users/ape/.rvm/gems/ruby-2.3.4/gems/web-console-2.2.1/lib/web_console/templates/error_page.js.erb within layouts/javascript (0.3ms)
  Rendered /Users/ape/.rvm/gems/ruby-2.3.4/gems/web-console-2.2.1/lib/web_console/templates/index.html.erb (88.0ms)


Started GET "/students" for ::1 at 2017-09-22 16:52:56 -0400
Processing by StudentsController#index as HTML
  [1m[36mStudent Load (0.2ms)[0m  [1mSELECT "students".* FROM "students"[0m
  Rendered students/index.html.erb within layouts/application (3.2ms)
Completed 200 OK in 148ms (Views: 146.0ms | ActiveRecord: 0.6ms)
